\BOOKMARK [1][-]{section*.1}{\376\377\000b\000a\000c\000k\000g\000r\000o\000u\000n\000d}{}% 1
\BOOKMARK [1][-]{section*.2}{\376\377\000u\000r\000g\000e\000n\000t\000\040\000q\000u\000e\000s\000t\000i\000o\000n\000s}{}% 2
\BOOKMARK [1][-]{section*.3}{\376\377\000f\000i\000t\000\040\000a\000n\000d\000\040\000o\000p\000t\000i\000m\000i\000z\000a\000t\000i\000o\000n}{}% 3
\BOOKMARK [2][-]{section*.4}{\376\377\000T\000T\000\040\000t\000e\000r\000m}{section*.3}% 4
\BOOKMARK [2][-]{section*.5}{\376\377\000T\000S\000\040\000t\000e\000r\000m}{section*.3}% 5
\BOOKMARK [2][-]{section*.6}{\376\377\000S\000S\000\050\0001\000j\000\051\000\040\000t\000e\000r\000m}{section*.3}% 6
\BOOKMARK [2][-]{section*.7}{\376\377\000S\000S\000\050\0002\000j\000\051\000\040\000t\000e\000r\000m}{section*.3}% 7
\BOOKMARK [1][-]{section*.8}{\376\377\000s\000o\000l\000u\000t\000i\000o\000n\000\040\000o\000f\000\040\000h\000a\000r\000d\000\040\000p\000a\000r\000t\000o\000n\000\040\000d\000i\000s\000t\000r\000i\000b\000u\000t\000i\000o\000n\000s\000\040\000f\000o\000r\000\040\000c\000h\000a\000r\000m}{}% 8
\BOOKMARK [1][-]{section*.9}{\376\377\000M\000e\000e\000t\000i\000n\000g\000\040\0002\0000\0002\0002\000.\0001\0000\000.\0002\0004}{}% 9
\BOOKMARK [1][-]{section*.10}{\376\377\000M\000e\000e\000t\000i\000n\000g\000\040\0002\0000\0002\0002\000.\0001\0000\000.\0003\0001}{}% 10
\BOOKMARK [2][-]{section*.11}{\376\377\000T\000h\000e\000\040\000i\000s\000s\000u\000e\000\040\000f\000o\000r\000\040\000l\000i\000m\000i\000t\000\040\000o\000f\000\040\000i\000n\000t\000e\000g\000r\000a\000l\000\040\000i\000n\000\040\000S\000S\000\050\0002\000j\000\051}{section*.10}% 11
\BOOKMARK [1][-]{section*.12}{\376\377\000M\000e\000e\000t\000i\000n\000g\000\040\0002\0000\0002\0002\000.\0001\0001\000.\0000\0007}{}% 12
\BOOKMARK [1][-]{section*.13}{\376\377\000M\000e\000e\000t\000i\000n\000g\000\040\0002\0000\0002\0002\000.\0001\0001\000.\0001\0004}{}% 13
\BOOKMARK [1][-]{section*.14}{\376\377\000M\000E\000E\000T\000I\000N\000G\000\040\0002\0000\0002\0002\000.\0001\0001\000.\0002\0008}{}% 14
\BOOKMARK [1][-]{section*.15}{\376\377\000M\000E\000E\000T\000I\000N\000G\000\040\0002\0000\0002\0002\000.\0001\0002\000.\0000\0005}{}% 15
\BOOKMARK [1][-]{section*.16}{\376\377\000M\000E\000E\000T\000I\000N\000G\000\040\0002\0000\0002\0002\000.\0001\0002\000.\0001\0002}{}% 16
\BOOKMARK [1][-]{section*.17}{\376\377\000M\000E\000E\000T\000I\000N\000G\000\040\0002\0000\0002\0002\000.\0001\0002\000.\0001\0009}{}% 17
\BOOKMARK [1][-]{section*.18}{\376\377\000M\000E\000E\000T\000I\000N\000G\000\040\0002\0000\0002\0003\000.\0000\0001\000.\0000\0002}{}% 18
\BOOKMARK [1][-]{section*.19}{\376\377\000M\000E\000E\000T\000I\000N\000G\000\040\0002\0000\0002\0003\000.\0000\0001\000.\0000\0009}{}% 19
\BOOKMARK [1][-]{section*.20}{\376\377\000M\000E\000E\000T\000I\000N\000G\000\040\0002\0000\0002\0003\000.\0000\0001\000.\0003\0000}{}% 20
\BOOKMARK [1][-]{section*.21}{\376\377\000M\000E\000E\000T\000I\000N\000G\000\040\0002\0000\0002\0003\000.\0000\0002\000.\0000\0006}{}% 21
\BOOKMARK [1][-]{section*.22}{\376\377\000M\000E\000E\000T\000I\000N\000G\000\040\0002\0000\0002\0003\000.\0000\0002\000.\0001\0003}{}% 22
\BOOKMARK [1][-]{section*.23}{\376\377\000M\000E\000E\000T\000I\000N\000G\000\040\0002\0000\0002\0003\000.\0000\0002\000.\0002\0000}{}% 23
\BOOKMARK [1][-]{section*.24}{\376\377\000M\000E\000E\000T\000I\000N\000G\000\040\0002\0000\0002\0003\000.\0000\0002\000.\0002\0007}{}% 24
\BOOKMARK [1][-]{section*.25}{\376\377\000M\000e\000e\000t\000i\000n\000g\000\040\0002\0000\0002\0003\000.\0000\0003\000.\0000\0005}{}% 25
\BOOKMARK [1][-]{section*.26}{\376\377\000M\000E\000E\000T\000I\000N\000G\000\040\0002\0000\0002\0003\000.\0000\0003\000.\0001\0003}{}% 26
\BOOKMARK [1][-]{section*.27}{\376\377\000M\000E\000E\000T\000I\000N\000G\000\040\0002\0000\0002\0003\000.\0000\0004\000.\0001\0000}{}% 27
\BOOKMARK [1][-]{section*.28}{\376\377\000M\000E\000E\000T\000I\000N\000G\000\040\0002\0000\0002\0003\000.\0000\0005\000.\0002\0009}{}% 28
\BOOKMARK [1][-]{section*.29}{\376\377\000M\000E\000E\000T\000I\000N\000G\000\040\0002\0000\0002\0003\000.\0000\0006\000.\0001\0002}{}% 29
\BOOKMARK [1][-]{section*.30}{\376\377\000M\000E\000E\000T\000I\000N\000G\000\040\0002\0000\0002\0003\000.\0000\0006\000.\0001\0009}{}% 30
\BOOKMARK [1][-]{section*.31}{\376\377\000R\000e\000f\000e\000r\000e\000n\000c\000e\000s}{}% 31
