0.8 2.0 3.0
0.8 2.0 3.0
0.8 2.0 3.0
0.8 2.1 3.0
0.8 2.1 3.0
0.8 2.1 3.0
0.8 2.2 3.0
0.8 2.2 3.0
0.8 2.2 3.0
0.8 2.3 3.0
0.8 2.3 3.0
0.8 2.3 3.0
0.8 2.4 3.0
0.8 2.4 3.0
0.8 2.4 3.0
0.8 2.5 3.0
0.8 2.5 3.0
0.8 2.5 3.0
0.8 2.6 3.0
0.8 2.6 3.0
0.8 2.6 3.0
0.8 2.7 3.0
0.8 2.7 3.0
0.8 2.7 3.0
0.8 2.8 3.0
0.8 2.8 3.0
0.8 2.8 3.0
0.8 2.9 3.0
0.8 2.9 3.0
0.8 2.9 3.0
0.8 3.0 3.0
0.8 3.0 3.0
0.8 3.0 3.0
0.81 2.0 3.0
0.81 2.0 3.0
0.81 2.0 3.0
0.81 2.1 3.0
0.81 2.1 3.0
0.81 2.1 3.0
0.81 2.2 3.0
0.81 2.2 3.0
0.81 2.2 3.0
0.81 2.3 3.0
0.81 2.3 3.0
0.81 2.3 3.0
0.81 2.4 3.0
0.81 2.4 3.0
0.81 2.4 3.0
0.81 2.5 3.0
0.81 2.5 3.0
0.81 2.5 3.0
0.81 2.6 3.0
0.81 2.6 3.0
0.81 2.6 3.0
0.81 2.7 3.0
0.81 2.7 3.0
0.81 2.7 3.0
0.81 2.8 3.0
0.81 2.8 3.0
0.81 2.8 3.0
0.81 2.9 3.0
0.81 2.9 3.0
0.81 2.9 3.0
0.81 3.0 3.0
0.81 3.0 3.0
0.81 3.0 3.0
0.82 2.0 3.0
0.82 2.0 3.0
0.82 2.0 3.0
0.82 2.1 3.0
0.82 2.1 3.0
0.82 2.1 3.0
0.82 2.2 3.0
0.82 2.2 3.0
0.82 2.2 3.0
0.82 2.3 3.0
0.82 2.3 3.0
0.82 2.3 3.0
0.82 2.4 3.0
0.82 2.4 3.0
0.82 2.4 3.0
0.82 2.5 3.0
0.82 2.5 3.0
0.82 2.5 3.0
0.82 2.6 3.0
0.82 2.6 3.0
0.82 2.6 3.0
0.82 2.7 3.0
0.82 2.7 3.0
0.82 2.7 3.0
0.82 2.8 3.0
0.82 2.8 3.0
0.82 2.8 3.0
0.82 2.9 3.0
0.82 2.9 3.0
0.82 2.9 3.0
0.82 3.0 3.0
0.82 3.0 3.0
0.82 3.0 3.0
0.83 2.0 3.0
0.83 2.0 3.0
0.83 2.0 3.0
0.83 2.1 3.0
0.83 2.1 3.0
0.83 2.1 3.0
0.83 2.2 3.0
0.83 2.2 3.0
0.83 2.2 3.0
0.83 2.3 3.0
0.83 2.3 3.0
0.83 2.3 3.0
0.83 2.4 3.0
0.83 2.4 3.0
0.83 2.4 3.0
0.83 2.5 3.0
0.83 2.5 3.0
0.83 2.5 3.0
0.83 2.6 3.0
0.83 2.6 3.0
0.83 2.6 3.0
0.83 2.7 3.0
0.83 2.7 3.0
0.83 2.7 3.0
0.83 2.8 3.0
0.83 2.8 3.0
0.83 2.8 3.0
0.83 2.9 3.0
0.83 2.9 3.0
0.83 2.9 3.0
0.83 3.0 3.0
0.83 3.0 3.0
0.83 3.0 3.0
0.84 2.0 3.0
0.84 2.0 3.0
0.84 2.0 3.0
0.84 2.1 3.0
0.84 2.1 3.0
0.84 2.1 3.0
0.84 2.2 3.0
0.84 2.2 3.0
0.84 2.2 3.0
0.84 2.3 3.0
0.84 2.3 3.0
0.84 2.3 3.0
0.84 2.4 3.0
0.84 2.4 3.0
0.84 2.4 3.0
0.84 2.5 3.0
0.84 2.5 3.0
0.84 2.5 3.0
0.84 2.6 3.0
0.84 2.6 3.0
0.84 2.6 3.0
0.84 2.7 3.0
0.84 2.7 3.0
0.84 2.7 3.0
0.84 2.8 3.0
0.84 2.8 3.0
0.84 2.8 3.0
0.84 2.9 3.0
0.84 2.9 3.0
0.84 2.9 3.0
0.84 3.0 3.0
0.84 3.0 3.0
0.84 3.0 3.0
0.85 2.0 3.0
0.85 2.0 3.0
0.85 2.0 3.0
0.85 2.1 3.0
0.85 2.1 3.0
0.85 2.1 3.0
0.85 2.2 3.0
0.85 2.2 3.0
0.85 2.2 3.0
0.85 2.3 3.0
0.85 2.3 3.0
0.85 2.3 3.0
0.85 2.4 3.0
0.85 2.4 3.0
0.85 2.4 3.0
0.85 2.5 3.0
0.85 2.5 3.0
0.85 2.5 3.0
0.85 2.6 3.0
0.85 2.6 3.0
0.85 2.6 3.0
0.85 2.7 3.0
0.85 2.7 3.0
0.85 2.7 3.0
0.85 2.8 3.0
0.85 2.8 3.0
0.85 2.8 3.0
0.85 2.9 3.0
0.85 2.9 3.0
0.85 2.9 3.0
0.85 3.0 3.0
0.85 3.0 3.0
0.85 3.0 3.0
0.86 2.0 3.0
0.86 2.0 3.0
0.86 2.0 3.0
0.86 2.1 3.0
0.86 2.1 3.0
0.86 2.1 3.0
0.86 2.2 3.0
0.86 2.2 3.0
0.86 2.2 3.0
0.86 2.3 3.0
0.86 2.3 3.0
0.86 2.3 3.0
0.86 2.4 3.0
0.86 2.4 3.0
0.86 2.4 3.0
0.86 2.5 3.0
0.86 2.5 3.0
0.86 2.5 3.0
0.86 2.6 3.0
0.86 2.6 3.0
0.86 2.6 3.0
0.86 2.7 3.0
0.86 2.7 3.0
0.86 2.7 3.0
0.86 2.8 3.0
0.86 2.8 3.0
0.86 2.8 3.0
0.86 2.9 3.0
0.86 2.9 3.0
0.86 2.9 3.0
0.86 3.0 3.0
0.86 3.0 3.0
0.86 3.0 3.0
0.87 2.0 3.0
0.87 2.0 3.0
0.87 2.0 3.0
0.87 2.1 3.0
0.87 2.1 3.0
0.87 2.1 3.0
0.87 2.2 3.0
0.87 2.2 3.0
0.87 2.2 3.0
0.87 2.3 3.0
0.87 2.3 3.0
0.87 2.3 3.0
0.87 2.4 3.0
0.87 2.4 3.0
0.87 2.4 3.0
0.87 2.5 3.0
0.87 2.5 3.0
0.87 2.5 3.0
0.87 2.6 3.0
0.87 2.6 3.0
0.87 2.6 3.0
0.87 2.7 3.0
0.87 2.7 3.0
0.87 2.7 3.0
0.87 2.8 3.0
0.87 2.8 3.0
0.87 2.8 3.0
0.87 2.9 3.0
0.87 2.9 3.0
0.87 2.9 3.0
0.87 3.0 3.0
0.87 3.0 3.0
0.87 3.0 3.0
0.88 2.0 3.0
0.88 2.0 3.0
0.88 2.0 3.0
0.88 2.1 3.0
0.88 2.1 3.0
0.88 2.1 3.0
0.88 2.2 3.0
0.88 2.2 3.0
0.88 2.2 3.0
0.88 2.3 3.0
0.88 2.3 3.0
0.88 2.3 3.0
0.88 2.4 3.0
0.88 2.4 3.0
0.88 2.4 3.0
0.88 2.5 3.0
0.88 2.5 3.0
0.88 2.5 3.0
0.88 2.6 3.0
0.88 2.6 3.0
0.88 2.6 3.0
0.88 2.7 3.0
0.88 2.7 3.0
0.88 2.7 3.0
0.88 2.8 3.0
0.88 2.8 3.0
0.88 2.8 3.0
0.88 2.9 3.0
0.88 2.9 3.0
0.88 2.9 3.0
0.88 3.0 3.0
0.88 3.0 3.0
0.88 3.0 3.0
0.89 2.0 3.0
0.89 2.0 3.0
0.89 2.0 3.0
0.89 2.1 3.0
0.89 2.1 3.0
0.89 2.1 3.0
0.89 2.2 3.0
0.89 2.2 3.0
0.89 2.2 3.0
0.89 2.3 3.0
0.89 2.3 3.0
0.89 2.3 3.0
0.89 2.4 3.0
0.89 2.4 3.0
0.89 2.4 3.0
0.89 2.5 3.0
0.89 2.5 3.0
0.89 2.5 3.0
0.89 2.6 3.0
0.89 2.6 3.0
0.89 2.6 3.0
0.89 2.7 3.0
0.89 2.7 3.0
0.89 2.7 3.0
0.89 2.8 3.0
0.89 2.8 3.0
0.89 2.8 3.0
0.89 2.9 3.0
0.89 2.9 3.0
0.89 2.9 3.0
0.89 3.0 3.0
0.89 3.0 3.0
0.89 3.0 3.0
0.9 2.0 3.0
0.9 2.0 3.0
0.9 2.0 3.0
0.9 2.1 3.0
0.9 2.1 3.0
0.9 2.1 3.0
0.9 2.2 3.0
0.9 2.2 3.0
0.9 2.2 3.0
0.9 2.3 3.0
0.9 2.3 3.0
0.9 2.3 3.0
0.9 2.4 3.0
0.9 2.4 3.0
0.9 2.4 3.0
0.9 2.5 3.0
0.9 2.5 3.0
0.9 2.5 3.0
0.9 2.6 3.0
0.9 2.6 3.0
0.9 2.6 3.0
0.9 2.7 3.0
0.9 2.7 3.0
0.9 2.7 3.0
0.9 2.8 3.0
0.9 2.8 3.0
0.9 2.8 3.0
0.9 2.9 3.0
0.9 2.9 3.0
0.9 2.9 3.0
0.9 3.0 3.0
0.9 3.0 3.0
0.9 3.0 3.0
0.8 2.0 3.1
0.8 2.0 3.1
0.8 2.0 3.1
0.8 2.1 3.1
0.8 2.1 3.1
0.8 2.1 3.1
0.8 2.2 3.1
0.8 2.2 3.1
0.8 2.2 3.1
0.8 2.3 3.1
0.8 2.3 3.1
0.8 2.3 3.1
0.8 2.4 3.1
0.8 2.4 3.1
0.8 2.4 3.1
0.8 2.5 3.1
0.8 2.5 3.1
0.8 2.5 3.1
0.8 2.6 3.1
0.8 2.6 3.1
0.8 2.6 3.1
0.8 2.7 3.1
0.8 2.7 3.1
0.8 2.7 3.1
0.8 2.8 3.1
0.8 2.8 3.1
0.8 2.8 3.1
0.8 2.9 3.1
0.8 2.9 3.1
0.8 2.9 3.1
0.8 3.0 3.1
0.8 3.0 3.1
0.8 3.0 3.1
0.81 2.0 3.1
0.81 2.0 3.1
0.81 2.0 3.1
0.81 2.1 3.1
0.81 2.1 3.1
0.81 2.1 3.1
0.81 2.2 3.1
0.81 2.2 3.1
0.81 2.2 3.1
0.81 2.3 3.1
0.81 2.3 3.1
0.81 2.3 3.1
0.81 2.4 3.1
0.81 2.4 3.1
0.81 2.4 3.1
0.81 2.5 3.1
0.81 2.5 3.1
0.81 2.5 3.1
0.81 2.6 3.1
0.81 2.6 3.1
0.81 2.6 3.1
0.81 2.7 3.1
0.81 2.7 3.1
0.81 2.7 3.1
0.81 2.8 3.1
0.81 2.8 3.1
0.81 2.8 3.1
0.81 2.9 3.1
0.81 2.9 3.1
0.81 2.9 3.1
0.81 3.0 3.1
0.81 3.0 3.1
0.81 3.0 3.1
0.82 2.0 3.1
0.82 2.0 3.1
0.82 2.0 3.1
0.82 2.1 3.1
0.82 2.1 3.1
0.82 2.1 3.1
0.82 2.2 3.1
0.82 2.2 3.1
0.82 2.2 3.1
0.82 2.3 3.1
0.82 2.3 3.1
0.82 2.3 3.1
0.82 2.4 3.1
0.82 2.4 3.1
0.82 2.4 3.1
0.82 2.5 3.1
0.82 2.5 3.1
0.82 2.5 3.1
0.82 2.6 3.1
0.82 2.6 3.1
0.82 2.6 3.1
0.82 2.7 3.1
0.82 2.7 3.1
0.82 2.7 3.1
0.82 2.8 3.1
0.82 2.8 3.1
0.82 2.8 3.1
0.82 2.9 3.1
0.82 2.9 3.1
0.82 2.9 3.1
0.82 3.0 3.1
0.82 3.0 3.1
0.82 3.0 3.1
0.83 2.0 3.1
0.83 2.0 3.1
0.83 2.0 3.1
0.83 2.1 3.1
0.83 2.1 3.1
0.83 2.1 3.1
0.83 2.2 3.1
0.83 2.2 3.1
0.83 2.2 3.1
0.83 2.3 3.1
0.83 2.3 3.1
0.83 2.3 3.1
0.83 2.4 3.1
0.83 2.4 3.1
0.83 2.4 3.1
0.83 2.5 3.1
0.83 2.5 3.1
0.83 2.5 3.1
0.83 2.6 3.1
0.83 2.6 3.1
0.83 2.6 3.1
0.83 2.7 3.1
0.83 2.7 3.1
0.83 2.7 3.1
0.83 2.8 3.1
0.83 2.8 3.1
0.83 2.8 3.1
0.83 2.9 3.1
0.83 2.9 3.1
0.83 2.9 3.1
0.83 3.0 3.1
0.83 3.0 3.1
0.83 3.0 3.1
0.84 2.0 3.1
0.84 2.0 3.1
0.84 2.0 3.1
0.84 2.1 3.1
0.84 2.1 3.1
0.84 2.1 3.1
0.84 2.2 3.1
0.84 2.2 3.1
0.84 2.2 3.1
0.84 2.3 3.1
0.84 2.3 3.1
0.84 2.3 3.1
0.84 2.4 3.1
0.84 2.4 3.1
0.84 2.4 3.1
0.84 2.5 3.1
0.84 2.5 3.1
0.84 2.5 3.1
0.84 2.6 3.1
0.84 2.6 3.1
0.84 2.6 3.1
0.84 2.7 3.1
0.84 2.7 3.1
0.84 2.7 3.1
0.84 2.8 3.1
0.84 2.8 3.1
0.84 2.8 3.1
0.84 2.9 3.1
0.84 2.9 3.1
0.84 2.9 3.1
0.84 3.0 3.1
0.84 3.0 3.1
0.84 3.0 3.1
0.85 2.0 3.1
0.85 2.0 3.1
0.85 2.0 3.1
0.85 2.1 3.1
0.85 2.1 3.1
0.85 2.1 3.1
0.85 2.2 3.1
0.85 2.2 3.1
0.85 2.2 3.1
0.85 2.3 3.1
0.85 2.3 3.1
0.85 2.3 3.1
0.85 2.4 3.1
0.85 2.4 3.1
0.85 2.4 3.1
0.85 2.5 3.1
0.85 2.5 3.1
0.85 2.5 3.1
0.85 2.6 3.1
0.85 2.6 3.1
0.85 2.6 3.1
0.85 2.7 3.1
0.85 2.7 3.1
0.85 2.7 3.1
0.85 2.8 3.1
0.85 2.8 3.1
0.85 2.8 3.1
0.85 2.9 3.1
0.85 2.9 3.1
0.85 2.9 3.1
0.85 3.0 3.1
0.85 3.0 3.1
0.85 3.0 3.1
0.86 2.0 3.1
0.86 2.0 3.1
0.86 2.0 3.1
0.86 2.1 3.1
0.86 2.1 3.1
0.86 2.1 3.1
0.86 2.2 3.1
0.86 2.2 3.1
0.86 2.2 3.1
0.86 2.3 3.1
0.86 2.3 3.1
0.86 2.3 3.1
0.86 2.4 3.1
0.86 2.4 3.1
0.86 2.4 3.1
0.86 2.5 3.1
0.86 2.5 3.1
0.86 2.5 3.1
0.86 2.6 3.1
0.86 2.6 3.1
0.86 2.6 3.1
0.86 2.7 3.1
0.86 2.7 3.1
0.86 2.7 3.1
0.86 2.8 3.1
0.86 2.8 3.1
0.86 2.8 3.1
0.86 2.9 3.1
0.86 2.9 3.1
0.86 2.9 3.1
0.86 3.0 3.1
0.86 3.0 3.1
0.86 3.0 3.1
0.87 2.0 3.1
0.87 2.0 3.1
0.87 2.0 3.1
0.87 2.1 3.1
0.87 2.1 3.1
0.87 2.1 3.1
0.87 2.2 3.1
0.87 2.2 3.1
0.87 2.2 3.1
0.87 2.3 3.1
0.87 2.3 3.1
0.87 2.3 3.1
0.87 2.4 3.1
0.87 2.4 3.1
0.87 2.4 3.1
0.87 2.5 3.1
0.87 2.5 3.1
0.87 2.5 3.1
0.87 2.6 3.1
0.87 2.6 3.1
0.87 2.6 3.1
0.87 2.7 3.1
0.87 2.7 3.1
0.87 2.7 3.1
0.87 2.8 3.1
0.87 2.8 3.1
0.87 2.8 3.1
0.87 2.9 3.1
0.87 2.9 3.1
0.87 2.9 3.1
0.87 3.0 3.1
0.87 3.0 3.1
0.87 3.0 3.1
0.88 2.0 3.1
0.88 2.0 3.1
0.88 2.0 3.1
0.88 2.1 3.1
0.88 2.1 3.1
0.88 2.1 3.1
0.88 2.2 3.1
0.88 2.2 3.1
0.88 2.2 3.1
0.88 2.3 3.1
0.88 2.3 3.1
0.88 2.3 3.1
0.88 2.4 3.1
0.88 2.4 3.1
0.88 2.4 3.1
0.88 2.5 3.1
0.88 2.5 3.1
0.88 2.5 3.1
0.88 2.6 3.1
0.88 2.6 3.1
0.88 2.6 3.1
0.88 2.7 3.1
0.88 2.7 3.1
0.88 2.7 3.1
0.88 2.8 3.1
0.88 2.8 3.1
0.88 2.8 3.1
0.88 2.9 3.1
0.88 2.9 3.1
0.88 2.9 3.1
0.88 3.0 3.1
0.88 3.0 3.1
0.88 3.0 3.1
0.89 2.0 3.1
0.89 2.0 3.1
0.89 2.0 3.1
0.89 2.1 3.1
0.89 2.1 3.1
0.89 2.1 3.1
0.89 2.2 3.1
0.89 2.2 3.1
0.89 2.2 3.1
0.89 2.3 3.1
0.89 2.3 3.1
0.89 2.3 3.1
0.89 2.4 3.1
0.89 2.4 3.1
0.89 2.4 3.1
0.89 2.5 3.1
0.89 2.5 3.1
0.89 2.5 3.1
0.89 2.6 3.1
0.89 2.6 3.1
0.89 2.6 3.1
0.89 2.7 3.1
0.89 2.7 3.1
0.89 2.7 3.1
0.89 2.8 3.1
0.89 2.8 3.1
0.89 2.8 3.1
0.89 2.9 3.1
0.89 2.9 3.1
0.89 2.9 3.1
0.89 3.0 3.1
0.89 3.0 3.1
0.89 3.0 3.1
0.9 2.0 3.1
0.9 2.0 3.1
0.9 2.0 3.1
0.9 2.1 3.1
0.9 2.1 3.1
0.9 2.1 3.1
0.9 2.2 3.1
0.9 2.2 3.1
0.9 2.2 3.1
0.9 2.3 3.1
0.9 2.3 3.1
0.9 2.3 3.1
0.9 2.4 3.1
0.9 2.4 3.1
0.9 2.4 3.1
0.9 2.5 3.1
0.9 2.5 3.1
0.9 2.5 3.1
0.9 2.6 3.1
0.9 2.6 3.1
0.9 2.6 3.1
0.9 2.7 3.1
0.9 2.7 3.1
0.9 2.7 3.1
0.9 2.8 3.1
0.9 2.8 3.1
0.9 2.8 3.1
0.9 2.9 3.1
0.9 2.9 3.1
0.9 2.9 3.1
0.9 3.0 3.1
0.9 3.0 3.1
0.9 3.0 3.1
0.8 2.0 3.2
0.8 2.0 3.2
0.8 2.0 3.2
0.8 2.1 3.2
0.8 2.1 3.2
0.8 2.1 3.2
0.8 2.2 3.2
0.8 2.2 3.2
0.8 2.2 3.2
0.8 2.3 3.2
0.8 2.3 3.2
0.8 2.3 3.2
0.8 2.4 3.2
0.8 2.4 3.2
0.8 2.4 3.2
0.8 2.5 3.2
0.8 2.5 3.2
0.8 2.5 3.2
0.8 2.6 3.2
0.8 2.6 3.2
0.8 2.6 3.2
0.8 2.7 3.2
0.8 2.7 3.2
0.8 2.7 3.2
0.8 2.8 3.2
0.8 2.8 3.2
0.8 2.8 3.2
0.8 2.9 3.2
0.8 2.9 3.2
0.8 2.9 3.2
0.8 3.0 3.2
0.8 3.0 3.2
0.8 3.0 3.2
0.81 2.0 3.2
0.81 2.0 3.2
0.81 2.0 3.2
0.81 2.1 3.2
0.81 2.1 3.2
0.81 2.1 3.2
0.81 2.2 3.2
0.81 2.2 3.2
0.81 2.2 3.2
0.81 2.3 3.2
0.81 2.3 3.2
0.81 2.3 3.2
0.81 2.4 3.2
0.81 2.4 3.2
0.81 2.4 3.2
0.81 2.5 3.2
0.81 2.5 3.2
0.81 2.5 3.2
0.81 2.6 3.2
0.81 2.6 3.2
0.81 2.6 3.2
0.81 2.7 3.2
0.81 2.7 3.2
0.81 2.7 3.2
0.81 2.8 3.2
0.81 2.8 3.2
0.81 2.8 3.2
0.81 2.9 3.2
0.81 2.9 3.2
0.81 2.9 3.2
0.81 3.0 3.2
0.81 3.0 3.2
0.81 3.0 3.2
0.82 2.0 3.2
0.82 2.0 3.2
0.82 2.0 3.2
0.82 2.1 3.2
0.82 2.1 3.2
0.82 2.1 3.2
0.82 2.2 3.2
0.82 2.2 3.2
0.82 2.2 3.2
0.82 2.3 3.2
0.82 2.3 3.2
0.82 2.3 3.2
0.82 2.4 3.2
0.82 2.4 3.2
0.82 2.4 3.2
0.82 2.5 3.2
0.82 2.5 3.2
0.82 2.5 3.2
0.82 2.6 3.2
0.82 2.6 3.2
0.82 2.6 3.2
0.82 2.7 3.2
0.82 2.7 3.2
0.82 2.7 3.2
0.82 2.8 3.2
0.82 2.8 3.2
0.82 2.8 3.2
0.82 2.9 3.2
0.82 2.9 3.2
0.82 2.9 3.2
0.82 3.0 3.2
0.82 3.0 3.2
0.82 3.0 3.2
0.83 2.0 3.2
0.83 2.0 3.2
0.83 2.0 3.2
0.83 2.1 3.2
0.83 2.1 3.2
0.83 2.1 3.2
0.83 2.2 3.2
0.83 2.2 3.2
0.83 2.2 3.2
0.83 2.3 3.2
0.83 2.3 3.2
0.83 2.3 3.2
0.83 2.4 3.2
0.83 2.4 3.2
0.83 2.4 3.2
0.83 2.5 3.2
0.83 2.5 3.2
0.83 2.5 3.2
0.83 2.6 3.2
0.83 2.6 3.2
0.83 2.6 3.2
0.83 2.7 3.2
0.83 2.7 3.2
0.83 2.7 3.2
0.83 2.8 3.2
0.83 2.8 3.2
0.83 2.8 3.2
0.83 2.9 3.2
0.83 2.9 3.2
0.83 2.9 3.2
0.83 3.0 3.2
0.83 3.0 3.2
0.83 3.0 3.2
0.84 2.0 3.2
0.84 2.0 3.2
0.84 2.0 3.2
0.84 2.1 3.2
0.84 2.1 3.2
0.84 2.1 3.2
0.84 2.2 3.2
0.84 2.2 3.2
0.84 2.2 3.2
0.84 2.3 3.2
0.84 2.3 3.2
0.84 2.3 3.2
0.84 2.4 3.2
0.84 2.4 3.2
0.84 2.4 3.2
0.84 2.5 3.2
0.84 2.5 3.2
0.84 2.5 3.2
0.84 2.6 3.2
0.84 2.6 3.2
0.84 2.6 3.2
0.84 2.7 3.2
0.84 2.7 3.2
0.84 2.7 3.2
0.84 2.8 3.2
0.84 2.8 3.2
0.84 2.8 3.2
0.84 2.9 3.2
0.84 2.9 3.2
0.84 2.9 3.2
0.84 3.0 3.2
0.84 3.0 3.2
0.84 3.0 3.2
0.85 2.0 3.2
0.85 2.0 3.2
0.85 2.0 3.2
0.85 2.1 3.2
0.85 2.1 3.2
0.85 2.1 3.2
0.85 2.2 3.2
0.85 2.2 3.2
0.85 2.2 3.2
0.85 2.3 3.2
0.85 2.3 3.2
0.85 2.3 3.2
0.85 2.4 3.2
0.85 2.4 3.2
0.85 2.4 3.2
0.85 2.5 3.2
0.85 2.5 3.2
0.85 2.5 3.2
0.85 2.6 3.2
0.85 2.6 3.2
0.85 2.6 3.2
0.85 2.7 3.2
0.85 2.7 3.2
0.85 2.7 3.2
0.85 2.8 3.2
0.85 2.8 3.2
0.85 2.8 3.2
0.85 2.9 3.2
0.85 2.9 3.2
0.85 2.9 3.2
0.85 3.0 3.2
0.85 3.0 3.2
0.85 3.0 3.2
0.86 2.0 3.2
0.86 2.0 3.2
0.86 2.0 3.2
0.86 2.1 3.2
0.86 2.1 3.2
0.86 2.1 3.2
0.86 2.2 3.2
0.86 2.2 3.2
0.86 2.2 3.2
0.86 2.3 3.2
0.86 2.3 3.2
0.86 2.3 3.2
0.86 2.4 3.2
0.86 2.4 3.2
0.86 2.4 3.2
0.86 2.5 3.2
0.86 2.5 3.2
0.86 2.5 3.2
0.86 2.6 3.2
0.86 2.6 3.2
0.86 2.6 3.2
0.86 2.7 3.2
0.86 2.7 3.2
0.86 2.7 3.2
0.86 2.8 3.2
0.86 2.8 3.2
0.86 2.8 3.2
0.86 2.9 3.2
0.86 2.9 3.2
0.86 2.9 3.2
0.86 3.0 3.2
0.86 3.0 3.2
0.86 3.0 3.2
0.87 2.0 3.2
0.87 2.0 3.2
0.87 2.0 3.2
0.87 2.1 3.2
0.87 2.1 3.2
0.87 2.1 3.2
0.87 2.2 3.2
0.87 2.2 3.2
0.87 2.2 3.2
0.87 2.3 3.2
0.87 2.3 3.2
0.87 2.3 3.2
0.87 2.4 3.2
0.87 2.4 3.2
0.87 2.4 3.2
0.87 2.5 3.2
0.87 2.5 3.2
0.87 2.5 3.2
0.87 2.6 3.2
0.87 2.6 3.2
0.87 2.6 3.2
0.87 2.7 3.2
0.87 2.7 3.2
0.87 2.7 3.2
0.87 2.8 3.2
0.87 2.8 3.2
0.87 2.8 3.2
0.87 2.9 3.2
0.87 2.9 3.2
0.87 2.9 3.2
0.87 3.0 3.2
0.87 3.0 3.2
0.87 3.0 3.2
0.88 2.0 3.2
0.88 2.0 3.2
0.88 2.0 3.2
0.88 2.1 3.2
0.88 2.1 3.2
0.88 2.1 3.2
0.88 2.2 3.2
0.88 2.2 3.2
0.88 2.2 3.2
0.88 2.3 3.2
0.88 2.3 3.2
0.88 2.3 3.2
0.88 2.4 3.2
0.88 2.4 3.2
0.88 2.4 3.2
0.88 2.5 3.2
0.88 2.5 3.2
0.88 2.5 3.2
0.88 2.6 3.2
0.88 2.6 3.2
0.88 2.6 3.2
0.88 2.7 3.2
0.88 2.7 3.2
0.88 2.7 3.2
0.88 2.8 3.2
0.88 2.8 3.2
0.88 2.8 3.2
0.88 2.9 3.2
0.88 2.9 3.2
0.88 2.9 3.2
0.88 3.0 3.2
0.88 3.0 3.2
0.88 3.0 3.2
0.89 2.0 3.2
0.89 2.0 3.2
0.89 2.0 3.2
0.89 2.1 3.2
0.89 2.1 3.2
0.89 2.1 3.2
0.89 2.2 3.2
0.89 2.2 3.2
0.89 2.2 3.2
0.89 2.3 3.2
0.89 2.3 3.2
0.89 2.3 3.2
0.89 2.4 3.2
0.89 2.4 3.2
0.89 2.4 3.2
0.89 2.5 3.2
0.89 2.5 3.2
0.89 2.5 3.2
0.89 2.6 3.2
0.89 2.6 3.2
0.89 2.6 3.2
0.89 2.7 3.2
0.89 2.7 3.2
0.89 2.7 3.2
0.89 2.8 3.2
0.89 2.8 3.2
0.89 2.8 3.2
0.89 2.9 3.2
0.89 2.9 3.2
0.89 2.9 3.2
0.89 3.0 3.2
0.89 3.0 3.2
0.89 3.0 3.2
0.9 2.0 3.2
0.9 2.0 3.2
0.9 2.0 3.2
0.9 2.1 3.2
0.9 2.1 3.2
0.9 2.1 3.2
0.9 2.2 3.2
0.9 2.2 3.2
0.9 2.2 3.2
0.9 2.3 3.2
0.9 2.3 3.2
0.9 2.3 3.2
0.9 2.4 3.2
0.9 2.4 3.2
0.9 2.4 3.2
0.9 2.5 3.2
0.9 2.5 3.2
0.9 2.5 3.2
0.9 2.6 3.2
0.9 2.6 3.2
0.9 2.6 3.2
0.9 2.7 3.2
0.9 2.7 3.2
0.9 2.7 3.2
0.9 2.8 3.2
0.9 2.8 3.2
0.9 2.8 3.2
0.9 2.9 3.2
0.9 2.9 3.2
0.9 2.9 3.2
0.9 3.0 3.2
0.9 3.0 3.2
0.9 3.0 3.2
0.8 2.0 3.3
0.8 2.0 3.3
0.8 2.0 3.3
0.8 2.1 3.3
0.8 2.1 3.3
0.8 2.1 3.3
0.8 2.2 3.3
0.8 2.2 3.3
0.8 2.2 3.3
0.8 2.3 3.3
0.8 2.3 3.3
0.8 2.3 3.3
0.8 2.4 3.3
0.8 2.4 3.3
0.8 2.4 3.3
0.8 2.5 3.3
0.8 2.5 3.3
0.8 2.5 3.3
0.8 2.6 3.3
0.8 2.6 3.3
0.8 2.6 3.3
0.8 2.7 3.3
0.8 2.7 3.3
0.8 2.7 3.3
0.8 2.8 3.3
0.8 2.8 3.3
0.8 2.8 3.3
0.8 2.9 3.3
0.8 2.9 3.3
0.8 2.9 3.3
0.8 3.0 3.3
0.8 3.0 3.3
0.8 3.0 3.3
0.81 2.0 3.3
0.81 2.0 3.3
0.81 2.0 3.3
0.81 2.1 3.3
0.81 2.1 3.3
0.81 2.1 3.3
0.81 2.2 3.3
0.81 2.2 3.3
0.81 2.2 3.3
0.81 2.3 3.3
0.81 2.3 3.3
0.81 2.3 3.3
0.81 2.4 3.3
0.81 2.4 3.3
0.81 2.4 3.3
0.81 2.5 3.3
0.81 2.5 3.3
0.81 2.5 3.3
0.81 2.6 3.3
0.81 2.6 3.3
0.81 2.6 3.3
0.81 2.7 3.3
0.81 2.7 3.3
0.81 2.7 3.3
0.81 2.8 3.3
0.81 2.8 3.3
0.81 2.8 3.3
0.81 2.9 3.3
0.81 2.9 3.3
0.81 2.9 3.3
0.81 3.0 3.3
0.81 3.0 3.3
0.81 3.0 3.3
0.82 2.0 3.3
0.82 2.0 3.3
0.82 2.0 3.3
0.82 2.1 3.3
0.82 2.1 3.3
0.82 2.1 3.3
0.82 2.2 3.3
0.82 2.2 3.3
0.82 2.2 3.3
0.82 2.3 3.3
0.82 2.3 3.3
0.82 2.3 3.3
0.82 2.4 3.3
0.82 2.4 3.3
0.82 2.4 3.3
0.82 2.5 3.3
0.82 2.5 3.3
0.82 2.5 3.3
0.82 2.6 3.3
0.82 2.6 3.3
0.82 2.6 3.3
0.82 2.7 3.3
0.82 2.7 3.3
0.82 2.7 3.3
0.82 2.8 3.3
0.82 2.8 3.3
0.82 2.8 3.3
0.82 2.9 3.3
0.82 2.9 3.3
0.82 2.9 3.3
0.82 3.0 3.3
0.82 3.0 3.3
0.82 3.0 3.3
0.83 2.0 3.3
0.83 2.0 3.3
0.83 2.0 3.3
0.83 2.1 3.3
0.83 2.1 3.3
0.83 2.1 3.3
0.83 2.2 3.3
0.83 2.2 3.3
0.83 2.2 3.3
0.83 2.3 3.3
0.83 2.3 3.3
0.83 2.3 3.3
0.83 2.4 3.3
0.83 2.4 3.3
0.83 2.4 3.3
0.83 2.5 3.3
0.83 2.5 3.3
0.83 2.5 3.3
0.83 2.6 3.3
0.83 2.6 3.3
0.83 2.6 3.3
0.83 2.7 3.3
0.83 2.7 3.3
0.83 2.7 3.3
0.83 2.8 3.3
0.83 2.8 3.3
0.83 2.8 3.3
0.83 2.9 3.3
0.83 2.9 3.3
0.83 2.9 3.3
0.83 3.0 3.3
0.83 3.0 3.3
0.83 3.0 3.3
0.84 2.0 3.3
0.84 2.0 3.3
0.84 2.0 3.3
0.84 2.1 3.3
0.84 2.1 3.3
0.84 2.1 3.3
0.84 2.2 3.3
0.84 2.2 3.3
0.84 2.2 3.3
0.84 2.3 3.3
0.84 2.3 3.3
0.84 2.3 3.3
0.84 2.4 3.3
0.84 2.4 3.3
0.84 2.4 3.3
0.84 2.5 3.3
0.84 2.5 3.3
0.84 2.5 3.3
0.84 2.6 3.3
0.84 2.6 3.3
0.84 2.6 3.3
0.84 2.7 3.3
0.84 2.7 3.3
0.84 2.7 3.3
0.84 2.8 3.3
0.84 2.8 3.3
0.84 2.8 3.3
0.84 2.9 3.3
0.84 2.9 3.3
0.84 2.9 3.3
0.84 3.0 3.3
0.84 3.0 3.3
0.84 3.0 3.3
0.85 2.0 3.3
0.85 2.0 3.3
0.85 2.0 3.3
0.85 2.1 3.3
0.85 2.1 3.3
0.85 2.1 3.3
0.85 2.2 3.3
0.85 2.2 3.3
0.85 2.2 3.3
0.85 2.3 3.3
0.85 2.3 3.3
0.85 2.3 3.3
0.85 2.4 3.3
0.85 2.4 3.3
0.85 2.4 3.3
0.85 2.5 3.3
0.85 2.5 3.3
0.85 2.5 3.3
0.85 2.6 3.3
0.85 2.6 3.3
0.85 2.6 3.3
0.85 2.7 3.3
0.85 2.7 3.3
0.85 2.7 3.3
0.85 2.8 3.3
0.85 2.8 3.3
0.85 2.8 3.3
0.85 2.9 3.3
0.85 2.9 3.3
0.85 2.9 3.3
0.85 3.0 3.3
0.85 3.0 3.3
0.85 3.0 3.3
0.86 2.0 3.3
0.86 2.0 3.3
0.86 2.0 3.3
0.86 2.1 3.3
0.86 2.1 3.3
0.86 2.1 3.3
0.86 2.2 3.3
0.86 2.2 3.3
0.86 2.2 3.3
0.86 2.3 3.3
0.86 2.3 3.3
0.86 2.3 3.3
0.86 2.4 3.3
0.86 2.4 3.3
0.86 2.4 3.3
0.86 2.5 3.3
0.86 2.5 3.3
0.86 2.5 3.3
0.86 2.6 3.3
0.86 2.6 3.3
0.86 2.6 3.3
0.86 2.7 3.3
0.86 2.7 3.3
0.86 2.7 3.3
0.86 2.8 3.3
0.86 2.8 3.3
0.86 2.8 3.3
0.86 2.9 3.3
0.86 2.9 3.3
0.86 2.9 3.3
0.86 3.0 3.3
0.86 3.0 3.3
0.86 3.0 3.3
0.87 2.0 3.3
0.87 2.0 3.3
0.87 2.0 3.3
0.87 2.1 3.3
0.87 2.1 3.3
0.87 2.1 3.3
0.87 2.2 3.3
0.87 2.2 3.3
0.87 2.2 3.3
0.87 2.3 3.3
0.87 2.3 3.3
0.87 2.3 3.3
0.87 2.4 3.3
0.87 2.4 3.3
0.87 2.4 3.3
0.87 2.5 3.3
0.87 2.5 3.3
0.87 2.5 3.3
0.87 2.6 3.3
0.87 2.6 3.3
0.87 2.6 3.3
0.87 2.7 3.3
0.87 2.7 3.3
0.87 2.7 3.3
0.87 2.8 3.3
0.87 2.8 3.3
0.87 2.8 3.3
0.87 2.9 3.3
0.87 2.9 3.3
0.87 2.9 3.3
0.87 3.0 3.3
0.87 3.0 3.3
0.87 3.0 3.3
0.88 2.0 3.3
0.88 2.0 3.3
0.88 2.0 3.3
0.88 2.1 3.3
0.88 2.1 3.3
0.88 2.1 3.3
0.88 2.2 3.3
0.88 2.2 3.3
0.88 2.2 3.3
0.88 2.3 3.3
0.88 2.3 3.3
0.88 2.3 3.3
0.88 2.4 3.3
0.88 2.4 3.3
0.88 2.4 3.3
0.88 2.5 3.3
0.88 2.5 3.3
0.88 2.5 3.3
0.88 2.6 3.3
0.88 2.6 3.3
0.88 2.6 3.3
0.88 2.7 3.3
0.88 2.7 3.3
0.88 2.7 3.3
0.88 2.8 3.3
0.88 2.8 3.3
0.88 2.8 3.3
0.88 2.9 3.3
0.88 2.9 3.3
0.88 2.9 3.3
0.88 3.0 3.3
0.88 3.0 3.3
0.88 3.0 3.3
0.89 2.0 3.3
0.89 2.0 3.3
0.89 2.0 3.3
0.89 2.1 3.3
0.89 2.1 3.3
0.89 2.1 3.3
0.89 2.2 3.3
0.89 2.2 3.3
0.89 2.2 3.3
0.89 2.3 3.3
0.89 2.3 3.3
0.89 2.3 3.3
0.89 2.4 3.3
0.89 2.4 3.3
0.89 2.4 3.3
0.89 2.5 3.3
0.89 2.5 3.3
0.89 2.5 3.3
0.89 2.6 3.3
0.89 2.6 3.3
0.89 2.6 3.3
0.89 2.7 3.3
0.89 2.7 3.3
0.89 2.7 3.3
0.89 2.8 3.3
0.89 2.8 3.3
0.89 2.8 3.3
0.89 2.9 3.3
0.89 2.9 3.3
0.89 2.9 3.3
0.89 3.0 3.3
0.89 3.0 3.3
0.89 3.0 3.3
0.9 2.0 3.3
0.9 2.0 3.3
0.9 2.0 3.3
0.9 2.1 3.3
0.9 2.1 3.3
0.9 2.1 3.3
0.9 2.2 3.3
0.9 2.2 3.3
0.9 2.2 3.3
0.9 2.3 3.3
0.9 2.3 3.3
0.9 2.3 3.3
0.9 2.4 3.3
0.9 2.4 3.3
0.9 2.4 3.3
0.9 2.5 3.3
0.9 2.5 3.3
0.9 2.5 3.3
0.9 2.6 3.3
0.9 2.6 3.3
0.9 2.6 3.3
0.9 2.7 3.3
0.9 2.7 3.3
0.9 2.7 3.3
0.9 2.8 3.3
0.9 2.8 3.3
0.9 2.8 3.3
0.9 2.9 3.3
0.9 2.9 3.3
0.9 2.9 3.3
0.9 3.0 3.3
0.9 3.0 3.3
0.9 3.0 3.3
0.8 2.0 3.4
0.8 2.0 3.4
0.8 2.0 3.4
0.8 2.1 3.4
0.8 2.1 3.4
0.8 2.1 3.4
0.8 2.2 3.4
0.8 2.2 3.4
0.8 2.2 3.4
0.8 2.3 3.4
0.8 2.3 3.4
0.8 2.3 3.4
0.8 2.4 3.4
0.8 2.4 3.4
0.8 2.4 3.4
0.8 2.5 3.4
0.8 2.5 3.4
0.8 2.5 3.4
0.8 2.6 3.4
0.8 2.6 3.4
0.8 2.6 3.4
0.8 2.7 3.4
0.8 2.7 3.4
0.8 2.7 3.4
0.8 2.8 3.4
0.8 2.8 3.4
0.8 2.8 3.4
0.8 2.9 3.4
0.8 2.9 3.4
0.8 2.9 3.4
0.8 3.0 3.4
0.8 3.0 3.4
0.8 3.0 3.4
0.81 2.0 3.4
0.81 2.0 3.4
0.81 2.0 3.4
0.81 2.1 3.4
0.81 2.1 3.4
0.81 2.1 3.4
0.81 2.2 3.4
0.81 2.2 3.4
0.81 2.2 3.4
0.81 2.3 3.4
0.81 2.3 3.4
0.81 2.3 3.4
0.81 2.4 3.4
0.81 2.4 3.4
0.81 2.4 3.4
0.81 2.5 3.4
0.81 2.5 3.4
0.81 2.5 3.4
0.81 2.6 3.4
0.81 2.6 3.4
0.81 2.6 3.4
0.81 2.7 3.4
0.81 2.7 3.4
0.81 2.7 3.4
0.81 2.8 3.4
0.81 2.8 3.4
0.81 2.8 3.4
0.81 2.9 3.4
0.81 2.9 3.4
0.81 2.9 3.4
0.81 3.0 3.4
0.81 3.0 3.4
0.81 3.0 3.4
0.82 2.0 3.4
0.82 2.0 3.4
0.82 2.0 3.4
0.82 2.1 3.4
0.82 2.1 3.4
0.82 2.1 3.4
0.82 2.2 3.4
0.82 2.2 3.4
0.82 2.2 3.4
0.82 2.3 3.4
0.82 2.3 3.4
0.82 2.3 3.4
0.82 2.4 3.4
0.82 2.4 3.4
0.82 2.4 3.4
0.82 2.5 3.4
0.82 2.5 3.4
0.82 2.5 3.4
0.82 2.6 3.4
0.82 2.6 3.4
0.82 2.6 3.4
0.82 2.7 3.4
0.82 2.7 3.4
0.82 2.7 3.4
0.82 2.8 3.4
0.82 2.8 3.4
0.82 2.8 3.4
0.82 2.9 3.4
0.82 2.9 3.4
0.82 2.9 3.4
0.82 3.0 3.4
0.82 3.0 3.4
0.82 3.0 3.4
0.83 2.0 3.4
0.83 2.0 3.4
0.83 2.0 3.4
0.83 2.1 3.4
0.83 2.1 3.4
0.83 2.1 3.4
0.83 2.2 3.4
0.83 2.2 3.4
0.83 2.2 3.4
0.83 2.3 3.4
0.83 2.3 3.4
0.83 2.3 3.4
0.83 2.4 3.4
0.83 2.4 3.4
0.83 2.4 3.4
0.83 2.5 3.4
0.83 2.5 3.4
0.83 2.5 3.4
0.83 2.6 3.4
0.83 2.6 3.4
0.83 2.6 3.4
0.83 2.7 3.4
0.83 2.7 3.4
0.83 2.7 3.4
0.83 2.8 3.4
0.83 2.8 3.4
0.83 2.8 3.4
0.83 2.9 3.4
0.83 2.9 3.4
0.83 2.9 3.4
0.83 3.0 3.4
0.83 3.0 3.4
0.83 3.0 3.4
0.84 2.0 3.4
0.84 2.0 3.4
0.84 2.0 3.4
0.84 2.1 3.4
0.84 2.1 3.4
0.84 2.1 3.4
0.84 2.2 3.4
0.84 2.2 3.4
0.84 2.2 3.4
0.84 2.3 3.4
0.84 2.3 3.4
0.84 2.3 3.4
0.84 2.4 3.4
0.84 2.4 3.4
0.84 2.4 3.4
0.84 2.5 3.4
0.84 2.5 3.4
0.84 2.5 3.4
0.84 2.6 3.4
0.84 2.6 3.4
0.84 2.6 3.4
0.84 2.7 3.4
0.84 2.7 3.4
0.84 2.7 3.4
0.84 2.8 3.4
0.84 2.8 3.4
0.84 2.8 3.4
0.84 2.9 3.4
0.84 2.9 3.4
0.84 2.9 3.4
0.84 3.0 3.4
0.84 3.0 3.4
0.84 3.0 3.4
0.85 2.0 3.4
0.85 2.0 3.4
0.85 2.0 3.4
0.85 2.1 3.4
0.85 2.1 3.4
0.85 2.1 3.4
0.85 2.2 3.4
0.85 2.2 3.4
0.85 2.2 3.4
0.85 2.3 3.4
0.85 2.3 3.4
0.85 2.3 3.4
0.85 2.4 3.4
0.85 2.4 3.4
0.85 2.4 3.4
0.85 2.5 3.4
0.85 2.5 3.4
0.85 2.5 3.4
0.85 2.6 3.4
0.85 2.6 3.4
0.85 2.6 3.4
0.85 2.7 3.4
0.85 2.7 3.4
0.85 2.7 3.4
0.85 2.8 3.4
0.85 2.8 3.4
0.85 2.8 3.4
0.85 2.9 3.4
0.85 2.9 3.4
0.85 2.9 3.4
0.85 3.0 3.4
0.85 3.0 3.4
0.85 3.0 3.4
0.86 2.0 3.4
0.86 2.0 3.4
0.86 2.0 3.4
0.86 2.1 3.4
0.86 2.1 3.4
0.86 2.1 3.4
0.86 2.2 3.4
0.86 2.2 3.4
0.86 2.2 3.4
0.86 2.3 3.4
0.86 2.3 3.4
0.86 2.3 3.4
0.86 2.4 3.4
0.86 2.4 3.4
0.86 2.4 3.4
0.86 2.5 3.4
0.86 2.5 3.4
0.86 2.5 3.4
0.86 2.6 3.4
0.86 2.6 3.4
0.86 2.6 3.4
0.86 2.7 3.4
0.86 2.7 3.4
0.86 2.7 3.4
0.86 2.8 3.4
0.86 2.8 3.4
0.86 2.8 3.4
0.86 2.9 3.4
0.86 2.9 3.4
0.86 2.9 3.4
0.86 3.0 3.4
0.86 3.0 3.4
0.86 3.0 3.4
0.87 2.0 3.4
0.87 2.0 3.4
0.87 2.0 3.4
0.87 2.1 3.4
0.87 2.1 3.4
0.87 2.1 3.4
0.87 2.2 3.4
0.87 2.2 3.4
0.87 2.2 3.4
0.87 2.3 3.4
0.87 2.3 3.4
0.87 2.3 3.4
0.87 2.4 3.4
0.87 2.4 3.4
0.87 2.4 3.4
0.87 2.5 3.4
0.87 2.5 3.4
0.87 2.5 3.4
0.87 2.6 3.4
0.87 2.6 3.4
0.87 2.6 3.4
0.87 2.7 3.4
0.87 2.7 3.4
0.87 2.7 3.4
0.87 2.8 3.4
0.87 2.8 3.4
0.87 2.8 3.4
0.87 2.9 3.4
0.87 2.9 3.4
0.87 2.9 3.4
0.87 3.0 3.4
0.87 3.0 3.4
0.87 3.0 3.4
0.88 2.0 3.4
0.88 2.0 3.4
0.88 2.0 3.4
0.88 2.1 3.4
0.88 2.1 3.4
0.88 2.1 3.4
0.88 2.2 3.4
0.88 2.2 3.4
0.88 2.2 3.4
0.88 2.3 3.4
0.88 2.3 3.4
0.88 2.3 3.4
0.88 2.4 3.4
0.88 2.4 3.4
0.88 2.4 3.4
0.88 2.5 3.4
0.88 2.5 3.4
0.88 2.5 3.4
0.88 2.6 3.4
0.88 2.6 3.4
0.88 2.6 3.4
0.88 2.7 3.4
0.88 2.7 3.4
0.88 2.7 3.4
0.88 2.8 3.4
0.88 2.8 3.4
0.88 2.8 3.4
0.88 2.9 3.4
0.88 2.9 3.4
0.88 2.9 3.4
0.88 3.0 3.4
0.88 3.0 3.4
0.88 3.0 3.4
0.89 2.0 3.4
0.89 2.0 3.4
0.89 2.0 3.4
0.89 2.1 3.4
0.89 2.1 3.4
0.89 2.1 3.4
0.89 2.2 3.4
0.89 2.2 3.4
0.89 2.2 3.4
0.89 2.3 3.4
0.89 2.3 3.4
0.89 2.3 3.4
0.89 2.4 3.4
0.89 2.4 3.4
0.89 2.4 3.4
0.89 2.5 3.4
0.89 2.5 3.4
0.89 2.5 3.4
0.89 2.6 3.4
0.89 2.6 3.4
0.89 2.6 3.4
0.89 2.7 3.4
0.89 2.7 3.4
0.89 2.7 3.4
0.89 2.8 3.4
0.89 2.8 3.4
0.89 2.8 3.4
0.89 2.9 3.4
0.89 2.9 3.4
0.89 2.9 3.4
0.89 3.0 3.4
0.89 3.0 3.4
0.89 3.0 3.4
0.9 2.0 3.4
0.9 2.0 3.4
0.9 2.0 3.4
0.9 2.1 3.4
0.9 2.1 3.4
0.9 2.1 3.4
0.9 2.2 3.4
0.9 2.2 3.4
0.9 2.2 3.4
0.9 2.3 3.4
0.9 2.3 3.4
0.9 2.3 3.4
0.9 2.4 3.4
0.9 2.4 3.4
0.9 2.4 3.4
0.9 2.5 3.4
0.9 2.5 3.4
0.9 2.5 3.4
0.9 2.6 3.4
0.9 2.6 3.4
0.9 2.6 3.4
0.9 2.7 3.4
0.9 2.7 3.4
0.9 2.7 3.4
0.9 2.8 3.4
0.9 2.8 3.4
0.9 2.8 3.4
0.9 2.9 3.4
0.9 2.9 3.4
0.9 2.9 3.4
0.9 3.0 3.4
0.9 3.0 3.4
0.9 3.0 3.4
0.8 2.0 3.5
0.8 2.0 3.5
0.8 2.0 3.5
0.8 2.1 3.5
0.8 2.1 3.5
0.8 2.1 3.5
0.8 2.2 3.5
0.8 2.2 3.5
0.8 2.2 3.5
0.8 2.3 3.5
0.8 2.3 3.5
0.8 2.3 3.5
0.8 2.4 3.5
0.8 2.4 3.5
0.8 2.4 3.5
0.8 2.5 3.5
0.8 2.5 3.5
0.8 2.5 3.5
0.8 2.6 3.5
0.8 2.6 3.5
0.8 2.6 3.5
0.8 2.7 3.5
0.8 2.7 3.5
0.8 2.7 3.5
0.8 2.8 3.5
0.8 2.8 3.5
0.8 2.8 3.5
0.8 2.9 3.5
0.8 2.9 3.5
0.8 2.9 3.5
0.8 3.0 3.5
0.8 3.0 3.5
0.8 3.0 3.5
0.81 2.0 3.5
0.81 2.0 3.5
0.81 2.0 3.5
0.81 2.1 3.5
0.81 2.1 3.5
0.81 2.1 3.5
0.81 2.2 3.5
0.81 2.2 3.5
0.81 2.2 3.5
0.81 2.3 3.5
0.81 2.3 3.5
0.81 2.3 3.5
0.81 2.4 3.5
0.81 2.4 3.5
0.81 2.4 3.5
0.81 2.5 3.5
0.81 2.5 3.5
0.81 2.5 3.5
0.81 2.6 3.5
0.81 2.6 3.5
0.81 2.6 3.5
0.81 2.7 3.5
0.81 2.7 3.5
0.81 2.7 3.5
0.81 2.8 3.5
0.81 2.8 3.5
0.81 2.8 3.5
0.81 2.9 3.5
0.81 2.9 3.5
0.81 2.9 3.5
0.81 3.0 3.5
0.81 3.0 3.5
0.81 3.0 3.5
0.82 2.0 3.5
0.82 2.0 3.5
0.82 2.0 3.5
0.82 2.1 3.5
0.82 2.1 3.5
0.82 2.1 3.5
0.82 2.2 3.5
0.82 2.2 3.5
0.82 2.2 3.5
0.82 2.3 3.5
0.82 2.3 3.5
0.82 2.3 3.5
0.82 2.4 3.5
0.82 2.4 3.5
0.82 2.4 3.5
0.82 2.5 3.5
0.82 2.5 3.5
0.82 2.5 3.5
0.82 2.6 3.5
0.82 2.6 3.5
0.82 2.6 3.5
0.82 2.7 3.5
0.82 2.7 3.5
0.82 2.7 3.5
0.82 2.8 3.5
0.82 2.8 3.5
0.82 2.8 3.5
0.82 2.9 3.5
0.82 2.9 3.5
0.82 2.9 3.5
0.82 3.0 3.5
0.82 3.0 3.5
0.82 3.0 3.5
0.83 2.0 3.5
0.83 2.0 3.5
0.83 2.0 3.5
0.83 2.1 3.5
0.83 2.1 3.5
0.83 2.1 3.5
0.83 2.2 3.5
0.83 2.2 3.5
0.83 2.2 3.5
0.83 2.3 3.5
0.83 2.3 3.5
0.83 2.3 3.5
0.83 2.4 3.5
0.83 2.4 3.5
0.83 2.4 3.5
0.83 2.5 3.5
0.83 2.5 3.5
0.83 2.5 3.5
0.83 2.6 3.5
0.83 2.6 3.5
0.83 2.6 3.5
0.83 2.7 3.5
0.83 2.7 3.5
0.83 2.7 3.5
0.83 2.8 3.5
0.83 2.8 3.5
0.83 2.8 3.5
0.83 2.9 3.5
0.83 2.9 3.5
0.83 2.9 3.5
0.83 3.0 3.5
0.83 3.0 3.5
0.83 3.0 3.5
0.84 2.0 3.5
0.84 2.0 3.5
0.84 2.0 3.5
0.84 2.1 3.5
0.84 2.1 3.5
0.84 2.1 3.5
0.84 2.2 3.5
0.84 2.2 3.5
0.84 2.2 3.5
0.84 2.3 3.5
0.84 2.3 3.5
0.84 2.3 3.5
0.84 2.4 3.5
0.84 2.4 3.5
0.84 2.4 3.5
0.84 2.5 3.5
0.84 2.5 3.5
0.84 2.5 3.5
0.84 2.6 3.5
0.84 2.6 3.5
0.84 2.6 3.5
0.84 2.7 3.5
0.84 2.7 3.5
0.84 2.7 3.5
0.84 2.8 3.5
0.84 2.8 3.5
0.84 2.8 3.5
0.84 2.9 3.5
0.84 2.9 3.5
0.84 2.9 3.5
0.84 3.0 3.5
0.84 3.0 3.5
0.84 3.0 3.5
0.85 2.0 3.5
0.85 2.0 3.5
0.85 2.0 3.5
0.85 2.1 3.5
0.85 2.1 3.5
0.85 2.1 3.5
0.85 2.2 3.5
0.85 2.2 3.5
0.85 2.2 3.5
0.85 2.3 3.5
0.85 2.3 3.5
0.85 2.3 3.5
0.85 2.4 3.5
0.85 2.4 3.5
0.85 2.4 3.5
0.85 2.5 3.5
0.85 2.5 3.5
0.85 2.5 3.5
0.85 2.6 3.5
0.85 2.6 3.5
0.85 2.6 3.5
0.85 2.7 3.5
0.85 2.7 3.5
0.85 2.7 3.5
0.85 2.8 3.5
0.85 2.8 3.5
0.85 2.8 3.5
0.85 2.9 3.5
0.85 2.9 3.5
0.85 2.9 3.5
0.85 3.0 3.5
0.85 3.0 3.5
0.85 3.0 3.5
0.86 2.0 3.5
0.86 2.0 3.5
0.86 2.0 3.5
0.86 2.1 3.5
0.86 2.1 3.5
0.86 2.1 3.5
0.86 2.2 3.5
0.86 2.2 3.5
0.86 2.2 3.5
0.86 2.3 3.5
0.86 2.3 3.5
0.86 2.3 3.5
0.86 2.4 3.5
0.86 2.4 3.5
0.86 2.4 3.5
0.86 2.5 3.5
0.86 2.5 3.5
0.86 2.5 3.5
0.86 2.6 3.5
0.86 2.6 3.5
0.86 2.6 3.5
0.86 2.7 3.5
0.86 2.7 3.5
0.86 2.7 3.5
0.86 2.8 3.5
0.86 2.8 3.5
0.86 2.8 3.5
0.86 2.9 3.5
0.86 2.9 3.5
0.86 2.9 3.5
0.86 3.0 3.5
0.86 3.0 3.5
0.86 3.0 3.5
0.87 2.0 3.5
0.87 2.0 3.5
0.87 2.0 3.5
0.87 2.1 3.5
0.87 2.1 3.5
0.87 2.1 3.5
0.87 2.2 3.5
0.87 2.2 3.5
0.87 2.2 3.5
0.87 2.3 3.5
0.87 2.3 3.5
0.87 2.3 3.5
0.87 2.4 3.5
0.87 2.4 3.5
0.87 2.4 3.5
0.87 2.5 3.5
0.87 2.5 3.5
0.87 2.5 3.5
0.87 2.6 3.5
0.87 2.6 3.5
0.87 2.6 3.5
0.87 2.7 3.5
0.87 2.7 3.5
0.87 2.7 3.5
0.87 2.8 3.5
0.87 2.8 3.5
0.87 2.8 3.5
0.87 2.9 3.5
0.87 2.9 3.5
0.87 2.9 3.5
0.87 3.0 3.5
0.87 3.0 3.5
0.87 3.0 3.5
0.88 2.0 3.5
0.88 2.0 3.5
0.88 2.0 3.5
0.88 2.1 3.5
0.88 2.1 3.5
0.88 2.1 3.5
0.88 2.2 3.5
0.88 2.2 3.5
0.88 2.2 3.5
0.88 2.3 3.5
0.88 2.3 3.5
0.88 2.3 3.5
0.88 2.4 3.5
0.88 2.4 3.5
0.88 2.4 3.5
0.88 2.5 3.5
0.88 2.5 3.5
0.88 2.5 3.5
0.88 2.6 3.5
0.88 2.6 3.5
0.88 2.6 3.5
0.88 2.7 3.5
0.88 2.7 3.5
0.88 2.7 3.5
0.88 2.8 3.5
0.88 2.8 3.5
0.88 2.8 3.5
0.88 2.9 3.5
0.88 2.9 3.5
0.88 2.9 3.5
0.88 3.0 3.5
0.88 3.0 3.5
0.88 3.0 3.5
0.89 2.0 3.5
0.89 2.0 3.5
0.89 2.0 3.5
0.89 2.1 3.5
0.89 2.1 3.5
0.89 2.1 3.5
0.89 2.2 3.5
0.89 2.2 3.5
0.89 2.2 3.5
0.89 2.3 3.5
0.89 2.3 3.5
0.89 2.3 3.5
0.89 2.4 3.5
0.89 2.4 3.5
0.89 2.4 3.5
0.89 2.5 3.5
0.89 2.5 3.5
0.89 2.5 3.5
0.89 2.6 3.5
0.89 2.6 3.5
0.89 2.6 3.5
0.89 2.7 3.5
0.89 2.7 3.5
0.89 2.7 3.5
0.89 2.8 3.5
0.89 2.8 3.5
0.89 2.8 3.5
0.89 2.9 3.5
0.89 2.9 3.5
0.89 2.9 3.5
0.89 3.0 3.5
0.89 3.0 3.5
0.89 3.0 3.5
0.9 2.0 3.5
0.9 2.0 3.5
0.9 2.0 3.5
0.9 2.1 3.5
0.9 2.1 3.5
0.9 2.1 3.5
0.9 2.2 3.5
0.9 2.2 3.5
0.9 2.2 3.5
0.9 2.3 3.5
0.9 2.3 3.5
0.9 2.3 3.5
0.9 2.4 3.5
0.9 2.4 3.5
0.9 2.4 3.5
0.9 2.5 3.5
0.9 2.5 3.5
0.9 2.5 3.5
0.9 2.6 3.5
0.9 2.6 3.5
0.9 2.6 3.5
0.9 2.7 3.5
0.9 2.7 3.5
0.9 2.7 3.5
0.9 2.8 3.5
0.9 2.8 3.5
0.9 2.8 3.5
0.9 2.9 3.5
0.9 2.9 3.5
0.9 2.9 3.5
0.9 3.0 3.5
0.9 3.0 3.5
0.9 3.0 3.5
0.8 2.0 3.6
0.8 2.0 3.6
0.8 2.0 3.6
0.8 2.1 3.6
0.8 2.1 3.6
0.8 2.1 3.6
0.8 2.2 3.6
0.8 2.2 3.6
0.8 2.2 3.6
0.8 2.3 3.6
0.8 2.3 3.6
0.8 2.3 3.6
0.8 2.4 3.6
0.8 2.4 3.6
0.8 2.4 3.6
0.8 2.5 3.6
0.8 2.5 3.6
0.8 2.5 3.6
0.8 2.6 3.6
0.8 2.6 3.6
0.8 2.6 3.6
0.8 2.7 3.6
0.8 2.7 3.6
0.8 2.7 3.6
0.8 2.8 3.6
0.8 2.8 3.6
0.8 2.8 3.6
0.8 2.9 3.6
0.8 2.9 3.6
0.8 2.9 3.6
0.8 3.0 3.6
0.8 3.0 3.6
0.8 3.0 3.6
0.81 2.0 3.6
0.81 2.0 3.6
0.81 2.0 3.6
0.81 2.1 3.6
0.81 2.1 3.6
0.81 2.1 3.6
0.81 2.2 3.6
0.81 2.2 3.6
0.81 2.2 3.6
0.81 2.3 3.6
0.81 2.3 3.6
0.81 2.3 3.6
0.81 2.4 3.6
0.81 2.4 3.6
0.81 2.4 3.6
0.81 2.5 3.6
0.81 2.5 3.6
0.81 2.5 3.6
0.81 2.6 3.6
0.81 2.6 3.6
0.81 2.6 3.6
0.81 2.7 3.6
0.81 2.7 3.6
0.81 2.7 3.6
0.81 2.8 3.6
0.81 2.8 3.6
0.81 2.8 3.6
0.81 2.9 3.6
0.81 2.9 3.6
0.81 2.9 3.6
0.81 3.0 3.6
0.81 3.0 3.6
0.81 3.0 3.6
0.82 2.0 3.6
0.82 2.0 3.6
0.82 2.0 3.6
0.82 2.1 3.6
0.82 2.1 3.6
0.82 2.1 3.6
0.82 2.2 3.6
0.82 2.2 3.6
0.82 2.2 3.6
0.82 2.3 3.6
0.82 2.3 3.6
0.82 2.3 3.6
0.82 2.4 3.6
0.82 2.4 3.6
0.82 2.4 3.6
0.82 2.5 3.6
0.82 2.5 3.6
0.82 2.5 3.6
0.82 2.6 3.6
0.82 2.6 3.6
0.82 2.6 3.6
0.82 2.7 3.6
0.82 2.7 3.6
0.82 2.7 3.6
0.82 2.8 3.6
0.82 2.8 3.6
0.82 2.8 3.6
0.82 2.9 3.6
0.82 2.9 3.6
0.82 2.9 3.6
0.82 3.0 3.6
0.82 3.0 3.6
0.82 3.0 3.6
0.83 2.0 3.6
0.83 2.0 3.6
0.83 2.0 3.6
0.83 2.1 3.6
0.83 2.1 3.6
0.83 2.1 3.6
0.83 2.2 3.6
0.83 2.2 3.6
0.83 2.2 3.6
0.83 2.3 3.6
0.83 2.3 3.6
0.83 2.3 3.6
0.83 2.4 3.6
0.83 2.4 3.6
0.83 2.4 3.6
0.83 2.5 3.6
0.83 2.5 3.6
0.83 2.5 3.6
0.83 2.6 3.6
0.83 2.6 3.6
0.83 2.6 3.6
0.83 2.7 3.6
0.83 2.7 3.6
0.83 2.7 3.6
0.83 2.8 3.6
0.83 2.8 3.6
0.83 2.8 3.6
0.83 2.9 3.6
0.83 2.9 3.6
0.83 2.9 3.6
0.83 3.0 3.6
0.83 3.0 3.6
0.83 3.0 3.6
0.84 2.0 3.6
0.84 2.0 3.6
0.84 2.0 3.6
0.84 2.1 3.6
0.84 2.1 3.6
0.84 2.1 3.6
0.84 2.2 3.6
0.84 2.2 3.6
0.84 2.2 3.6
0.84 2.3 3.6
0.84 2.3 3.6
0.84 2.3 3.6
0.84 2.4 3.6
0.84 2.4 3.6
0.84 2.4 3.6
0.84 2.5 3.6
0.84 2.5 3.6
0.84 2.5 3.6
0.84 2.6 3.6
0.84 2.6 3.6
0.84 2.6 3.6
0.84 2.7 3.6
0.84 2.7 3.6
0.84 2.7 3.6
0.84 2.8 3.6
0.84 2.8 3.6
0.84 2.8 3.6
0.84 2.9 3.6
0.84 2.9 3.6
0.84 2.9 3.6
0.84 3.0 3.6
0.84 3.0 3.6
0.84 3.0 3.6
0.85 2.0 3.6
0.85 2.0 3.6
0.85 2.0 3.6
0.85 2.1 3.6
0.85 2.1 3.6
0.85 2.1 3.6
0.85 2.2 3.6
0.85 2.2 3.6
0.85 2.2 3.6
0.85 2.3 3.6
0.85 2.3 3.6
0.85 2.3 3.6
0.85 2.4 3.6
0.85 2.4 3.6
0.85 2.4 3.6
0.85 2.5 3.6
0.85 2.5 3.6
0.85 2.5 3.6
0.85 2.6 3.6
0.85 2.6 3.6
0.85 2.6 3.6
0.85 2.7 3.6
0.85 2.7 3.6
0.85 2.7 3.6
0.85 2.8 3.6
0.85 2.8 3.6
0.85 2.8 3.6
0.85 2.9 3.6
0.85 2.9 3.6
0.85 2.9 3.6
0.85 3.0 3.6
0.85 3.0 3.6
0.85 3.0 3.6
0.86 2.0 3.6
0.86 2.0 3.6
0.86 2.0 3.6
0.86 2.1 3.6
0.86 2.1 3.6
0.86 2.1 3.6
0.86 2.2 3.6
0.86 2.2 3.6
0.86 2.2 3.6
0.86 2.3 3.6
0.86 2.3 3.6
0.86 2.3 3.6
0.86 2.4 3.6
0.86 2.4 3.6
0.86 2.4 3.6
0.86 2.5 3.6
0.86 2.5 3.6
0.86 2.5 3.6
0.86 2.6 3.6
0.86 2.6 3.6
0.86 2.6 3.6
0.86 2.7 3.6
0.86 2.7 3.6
0.86 2.7 3.6
0.86 2.8 3.6
0.86 2.8 3.6
0.86 2.8 3.6
0.86 2.9 3.6
0.86 2.9 3.6
0.86 2.9 3.6
0.86 3.0 3.6
0.86 3.0 3.6
0.86 3.0 3.6
0.87 2.0 3.6
0.87 2.0 3.6
0.87 2.0 3.6
0.87 2.1 3.6
0.87 2.1 3.6
0.87 2.1 3.6
0.87 2.2 3.6
0.87 2.2 3.6
0.87 2.2 3.6
0.87 2.3 3.6
0.87 2.3 3.6
0.87 2.3 3.6
0.87 2.4 3.6
0.87 2.4 3.6
0.87 2.4 3.6
0.87 2.5 3.6
0.87 2.5 3.6
0.87 2.5 3.6
0.87 2.6 3.6
0.87 2.6 3.6
0.87 2.6 3.6
0.87 2.7 3.6
0.87 2.7 3.6
0.87 2.7 3.6
0.87 2.8 3.6
0.87 2.8 3.6
0.87 2.8 3.6
0.87 2.9 3.6
0.87 2.9 3.6
0.87 2.9 3.6
0.87 3.0 3.6
0.87 3.0 3.6
0.87 3.0 3.6
0.88 2.0 3.6
0.88 2.0 3.6
0.88 2.0 3.6
0.88 2.1 3.6
0.88 2.1 3.6
0.88 2.1 3.6
0.88 2.2 3.6
0.88 2.2 3.6
0.88 2.2 3.6
0.88 2.3 3.6
0.88 2.3 3.6
0.88 2.3 3.6
0.88 2.4 3.6
0.88 2.4 3.6
0.88 2.4 3.6
0.88 2.5 3.6
0.88 2.5 3.6
0.88 2.5 3.6
0.88 2.6 3.6
0.88 2.6 3.6
0.88 2.6 3.6
0.88 2.7 3.6
0.88 2.7 3.6
0.88 2.7 3.6
0.88 2.8 3.6
0.88 2.8 3.6
0.88 2.8 3.6
0.88 2.9 3.6
0.88 2.9 3.6
0.88 2.9 3.6
0.88 3.0 3.6
0.88 3.0 3.6
0.88 3.0 3.6
0.89 2.0 3.6
0.89 2.0 3.6
0.89 2.0 3.6
0.89 2.1 3.6
0.89 2.1 3.6
0.89 2.1 3.6
0.89 2.2 3.6
0.89 2.2 3.6
0.89 2.2 3.6
0.89 2.3 3.6
0.89 2.3 3.6
0.89 2.3 3.6
0.89 2.4 3.6
0.89 2.4 3.6
0.89 2.4 3.6
0.89 2.5 3.6
0.89 2.5 3.6
0.89 2.5 3.6
0.89 2.6 3.6
0.89 2.6 3.6
0.89 2.6 3.6
0.89 2.7 3.6
0.89 2.7 3.6
0.89 2.7 3.6
0.89 2.8 3.6
0.89 2.8 3.6
0.89 2.8 3.6
0.89 2.9 3.6
0.89 2.9 3.6
0.89 2.9 3.6
0.89 3.0 3.6
0.89 3.0 3.6
0.89 3.0 3.6
0.9 2.0 3.6
0.9 2.0 3.6
0.9 2.0 3.6
0.9 2.1 3.6
0.9 2.1 3.6
0.9 2.1 3.6
0.9 2.2 3.6
0.9 2.2 3.6
0.9 2.2 3.6
0.9 2.3 3.6
0.9 2.3 3.6
0.9 2.3 3.6
0.9 2.4 3.6
0.9 2.4 3.6
0.9 2.4 3.6
0.9 2.5 3.6
0.9 2.5 3.6
0.9 2.5 3.6
0.9 2.6 3.6
0.9 2.6 3.6
0.9 2.6 3.6
0.9 2.7 3.6
0.9 2.7 3.6
0.9 2.7 3.6
0.9 2.8 3.6
0.9 2.8 3.6
0.9 2.8 3.6
0.9 2.9 3.6
0.9 2.9 3.6
0.9 2.9 3.6
0.9 3.0 3.6
0.9 3.0 3.6
0.9 3.0 3.6
0.8 2.0 3.7
0.8 2.0 3.7
0.8 2.0 3.7
0.8 2.1 3.7
0.8 2.1 3.7
0.8 2.1 3.7
0.8 2.2 3.7
0.8 2.2 3.7
0.8 2.2 3.7
0.8 2.3 3.7
0.8 2.3 3.7
0.8 2.3 3.7
0.8 2.4 3.7
0.8 2.4 3.7
0.8 2.4 3.7
0.8 2.5 3.7
0.8 2.5 3.7
0.8 2.5 3.7
0.8 2.6 3.7
0.8 2.6 3.7
0.8 2.6 3.7
0.8 2.7 3.7
0.8 2.7 3.7
0.8 2.7 3.7
0.8 2.8 3.7
0.8 2.8 3.7
0.8 2.8 3.7
0.8 2.9 3.7
0.8 2.9 3.7
0.8 2.9 3.7
0.8 3.0 3.7
0.8 3.0 3.7
0.8 3.0 3.7
0.81 2.0 3.7
0.81 2.0 3.7
0.81 2.0 3.7
0.81 2.1 3.7
0.81 2.1 3.7
0.81 2.1 3.7
0.81 2.2 3.7
0.81 2.2 3.7
0.81 2.2 3.7
0.81 2.3 3.7
0.81 2.3 3.7
0.81 2.3 3.7
0.81 2.4 3.7
0.81 2.4 3.7
0.81 2.4 3.7
0.81 2.5 3.7
0.81 2.5 3.7
0.81 2.5 3.7
0.81 2.6 3.7
0.81 2.6 3.7
0.81 2.6 3.7
0.81 2.7 3.7
0.81 2.7 3.7
0.81 2.7 3.7
0.81 2.8 3.7
0.81 2.8 3.7
0.81 2.8 3.7
0.81 2.9 3.7
0.81 2.9 3.7
0.81 2.9 3.7
0.81 3.0 3.7
0.81 3.0 3.7
0.81 3.0 3.7
0.82 2.0 3.7
0.82 2.0 3.7
0.82 2.0 3.7
0.82 2.1 3.7
0.82 2.1 3.7
0.82 2.1 3.7
0.82 2.2 3.7
0.82 2.2 3.7
0.82 2.2 3.7
0.82 2.3 3.7
0.82 2.3 3.7
0.82 2.3 3.7
0.82 2.4 3.7
0.82 2.4 3.7
0.82 2.4 3.7
0.82 2.5 3.7
0.82 2.5 3.7
0.82 2.5 3.7
0.82 2.6 3.7
0.82 2.6 3.7
0.82 2.6 3.7
0.82 2.7 3.7
0.82 2.7 3.7
0.82 2.7 3.7
0.82 2.8 3.7
0.82 2.8 3.7
0.82 2.8 3.7
0.82 2.9 3.7
0.82 2.9 3.7
0.82 2.9 3.7
0.82 3.0 3.7
0.82 3.0 3.7
0.82 3.0 3.7
0.83 2.0 3.7
0.83 2.0 3.7
0.83 2.0 3.7
0.83 2.1 3.7
0.83 2.1 3.7
0.83 2.1 3.7
0.83 2.2 3.7
0.83 2.2 3.7
0.83 2.2 3.7
0.83 2.3 3.7
0.83 2.3 3.7
0.83 2.3 3.7
0.83 2.4 3.7
0.83 2.4 3.7
0.83 2.4 3.7
0.83 2.5 3.7
0.83 2.5 3.7
0.83 2.5 3.7
0.83 2.6 3.7
0.83 2.6 3.7
0.83 2.6 3.7
0.83 2.7 3.7
0.83 2.7 3.7
0.83 2.7 3.7
0.83 2.8 3.7
0.83 2.8 3.7
0.83 2.8 3.7
0.83 2.9 3.7
0.83 2.9 3.7
0.83 2.9 3.7
0.83 3.0 3.7
0.83 3.0 3.7
0.83 3.0 3.7
0.84 2.0 3.7
0.84 2.0 3.7
0.84 2.0 3.7
0.84 2.1 3.7
0.84 2.1 3.7
0.84 2.1 3.7
0.84 2.2 3.7
0.84 2.2 3.7
0.84 2.2 3.7
0.84 2.3 3.7
0.84 2.3 3.7
0.84 2.3 3.7
0.84 2.4 3.7
0.84 2.4 3.7
0.84 2.4 3.7
0.84 2.5 3.7
0.84 2.5 3.7
0.84 2.5 3.7
0.84 2.6 3.7
0.84 2.6 3.7
0.84 2.6 3.7
0.84 2.7 3.7
0.84 2.7 3.7
0.84 2.7 3.7
0.84 2.8 3.7
0.84 2.8 3.7
0.84 2.8 3.7
0.84 2.9 3.7
0.84 2.9 3.7
0.84 2.9 3.7
0.84 3.0 3.7
0.84 3.0 3.7
0.84 3.0 3.7
0.85 2.0 3.7
0.85 2.0 3.7
0.85 2.0 3.7
0.85 2.1 3.7
0.85 2.1 3.7
0.85 2.1 3.7
0.85 2.2 3.7
0.85 2.2 3.7
0.85 2.2 3.7
0.85 2.3 3.7
0.85 2.3 3.7
0.85 2.3 3.7
0.85 2.4 3.7
0.85 2.4 3.7
0.85 2.4 3.7
0.85 2.5 3.7
0.85 2.5 3.7
0.85 2.5 3.7
0.85 2.6 3.7
0.85 2.6 3.7
0.85 2.6 3.7
0.85 2.7 3.7
0.85 2.7 3.7
0.85 2.7 3.7
0.85 2.8 3.7
0.85 2.8 3.7
0.85 2.8 3.7
0.85 2.9 3.7
0.85 2.9 3.7
0.85 2.9 3.7
0.85 3.0 3.7
0.85 3.0 3.7
0.85 3.0 3.7
0.86 2.0 3.7
0.86 2.0 3.7
0.86 2.0 3.7
0.86 2.1 3.7
0.86 2.1 3.7
0.86 2.1 3.7
0.86 2.2 3.7
0.86 2.2 3.7
0.86 2.2 3.7
0.86 2.3 3.7
0.86 2.3 3.7
0.86 2.3 3.7
0.86 2.4 3.7
0.86 2.4 3.7
0.86 2.4 3.7
0.86 2.5 3.7
0.86 2.5 3.7
0.86 2.5 3.7
0.86 2.6 3.7
0.86 2.6 3.7
0.86 2.6 3.7
0.86 2.7 3.7
0.86 2.7 3.7
0.86 2.7 3.7
0.86 2.8 3.7
0.86 2.8 3.7
0.86 2.8 3.7
0.86 2.9 3.7
0.86 2.9 3.7
0.86 2.9 3.7
0.86 3.0 3.7
0.86 3.0 3.7
0.86 3.0 3.7
0.87 2.0 3.7
0.87 2.0 3.7
0.87 2.0 3.7
0.87 2.1 3.7
0.87 2.1 3.7
0.87 2.1 3.7
0.87 2.2 3.7
0.87 2.2 3.7
0.87 2.2 3.7
0.87 2.3 3.7
0.87 2.3 3.7
0.87 2.3 3.7
0.87 2.4 3.7
0.87 2.4 3.7
0.87 2.4 3.7
0.87 2.5 3.7
0.87 2.5 3.7
0.87 2.5 3.7
0.87 2.6 3.7
0.87 2.6 3.7
0.87 2.6 3.7
0.87 2.7 3.7
0.87 2.7 3.7
0.87 2.7 3.7
0.87 2.8 3.7
0.87 2.8 3.7
0.87 2.8 3.7
0.87 2.9 3.7
0.87 2.9 3.7
0.87 2.9 3.7
0.87 3.0 3.7
0.87 3.0 3.7
0.87 3.0 3.7
0.88 2.0 3.7
0.88 2.0 3.7
0.88 2.0 3.7
0.88 2.1 3.7
0.88 2.1 3.7
0.88 2.1 3.7
0.88 2.2 3.7
0.88 2.2 3.7
0.88 2.2 3.7
0.88 2.3 3.7
0.88 2.3 3.7
0.88 2.3 3.7
0.88 2.4 3.7
0.88 2.4 3.7
0.88 2.4 3.7
0.88 2.5 3.7
0.88 2.5 3.7
0.88 2.5 3.7
0.88 2.6 3.7
0.88 2.6 3.7
0.88 2.6 3.7
0.88 2.7 3.7
0.88 2.7 3.7
0.88 2.7 3.7
0.88 2.8 3.7
0.88 2.8 3.7
0.88 2.8 3.7
0.88 2.9 3.7
0.88 2.9 3.7
0.88 2.9 3.7
0.88 3.0 3.7
0.88 3.0 3.7
0.88 3.0 3.7
0.89 2.0 3.7
0.89 2.0 3.7
0.89 2.0 3.7
0.89 2.1 3.7
0.89 2.1 3.7
0.89 2.1 3.7
0.89 2.2 3.7
0.89 2.2 3.7
0.89 2.2 3.7
0.89 2.3 3.7
0.89 2.3 3.7
0.89 2.3 3.7
0.89 2.4 3.7
0.89 2.4 3.7
0.89 2.4 3.7
0.89 2.5 3.7
0.89 2.5 3.7
0.89 2.5 3.7
0.89 2.6 3.7
0.89 2.6 3.7
0.89 2.6 3.7
0.89 2.7 3.7
0.89 2.7 3.7
0.89 2.7 3.7
0.89 2.8 3.7
0.89 2.8 3.7
0.89 2.8 3.7
0.89 2.9 3.7
0.89 2.9 3.7
0.89 2.9 3.7
0.89 3.0 3.7
0.89 3.0 3.7
0.89 3.0 3.7
0.9 2.0 3.7
0.9 2.0 3.7
0.9 2.0 3.7
0.9 2.1 3.7
0.9 2.1 3.7
0.9 2.1 3.7
0.9 2.2 3.7
0.9 2.2 3.7
0.9 2.2 3.7
0.9 2.3 3.7
0.9 2.3 3.7
0.9 2.3 3.7
0.9 2.4 3.7
0.9 2.4 3.7
0.9 2.4 3.7
0.9 2.5 3.7
0.9 2.5 3.7
0.9 2.5 3.7
0.9 2.6 3.7
0.9 2.6 3.7
0.9 2.6 3.7
0.9 2.7 3.7
0.9 2.7 3.7
0.9 2.7 3.7
0.9 2.8 3.7
0.9 2.8 3.7
0.9 2.8 3.7
0.9 2.9 3.7
0.9 2.9 3.7
0.9 2.9 3.7
0.9 3.0 3.7
0.9 3.0 3.7
0.9 3.0 3.7
0.8 2.0 3.8
0.8 2.0 3.8
0.8 2.0 3.8
0.8 2.1 3.8
0.8 2.1 3.8
0.8 2.1 3.8
0.8 2.2 3.8
0.8 2.2 3.8
0.8 2.2 3.8
0.8 2.3 3.8
0.8 2.3 3.8
0.8 2.3 3.8
0.8 2.4 3.8
0.8 2.4 3.8
0.8 2.4 3.8
0.8 2.5 3.8
0.8 2.5 3.8
0.8 2.5 3.8
0.8 2.6 3.8
0.8 2.6 3.8
0.8 2.6 3.8
0.8 2.7 3.8
0.8 2.7 3.8
0.8 2.7 3.8
0.8 2.8 3.8
0.8 2.8 3.8
0.8 2.8 3.8
0.8 2.9 3.8
0.8 2.9 3.8
0.8 2.9 3.8
0.8 3.0 3.8
0.8 3.0 3.8
0.8 3.0 3.8
0.81 2.0 3.8
0.81 2.0 3.8
0.81 2.0 3.8
0.81 2.1 3.8
0.81 2.1 3.8
0.81 2.1 3.8
0.81 2.2 3.8
0.81 2.2 3.8
0.81 2.2 3.8
0.81 2.3 3.8
0.81 2.3 3.8
0.81 2.3 3.8
0.81 2.4 3.8
0.81 2.4 3.8
0.81 2.4 3.8
0.81 2.5 3.8
0.81 2.5 3.8
0.81 2.5 3.8
0.81 2.6 3.8
0.81 2.6 3.8
0.81 2.6 3.8
0.81 2.7 3.8
0.81 2.7 3.8
0.81 2.7 3.8
0.81 2.8 3.8
0.81 2.8 3.8
0.81 2.8 3.8
0.81 2.9 3.8
0.81 2.9 3.8
0.81 2.9 3.8
0.81 3.0 3.8
0.81 3.0 3.8
0.81 3.0 3.8
0.82 2.0 3.8
0.82 2.0 3.8
0.82 2.0 3.8
0.82 2.1 3.8
0.82 2.1 3.8
0.82 2.1 3.8
0.82 2.2 3.8
0.82 2.2 3.8
0.82 2.2 3.8
0.82 2.3 3.8
0.82 2.3 3.8
0.82 2.3 3.8
0.82 2.4 3.8
0.82 2.4 3.8
0.82 2.4 3.8
0.82 2.5 3.8
0.82 2.5 3.8
0.82 2.5 3.8
0.82 2.6 3.8
0.82 2.6 3.8
0.82 2.6 3.8
0.82 2.7 3.8
0.82 2.7 3.8
0.82 2.7 3.8
0.82 2.8 3.8
0.82 2.8 3.8
0.82 2.8 3.8
0.82 2.9 3.8
0.82 2.9 3.8
0.82 2.9 3.8
0.82 3.0 3.8
0.82 3.0 3.8
0.82 3.0 3.8
0.83 2.0 3.8
0.83 2.0 3.8
0.83 2.0 3.8
0.83 2.1 3.8
0.83 2.1 3.8
0.83 2.1 3.8
0.83 2.2 3.8
0.83 2.2 3.8
0.83 2.2 3.8
0.83 2.3 3.8
0.83 2.3 3.8
0.83 2.3 3.8
0.83 2.4 3.8
0.83 2.4 3.8
0.83 2.4 3.8
0.83 2.5 3.8
0.83 2.5 3.8
0.83 2.5 3.8
0.83 2.6 3.8
0.83 2.6 3.8
0.83 2.6 3.8
0.83 2.7 3.8
0.83 2.7 3.8
0.83 2.7 3.8
0.83 2.8 3.8
0.83 2.8 3.8
0.83 2.8 3.8
0.83 2.9 3.8
0.83 2.9 3.8
0.83 2.9 3.8
0.83 3.0 3.8
0.83 3.0 3.8
0.83 3.0 3.8
0.84 2.0 3.8
0.84 2.0 3.8
0.84 2.0 3.8
0.84 2.1 3.8
0.84 2.1 3.8
0.84 2.1 3.8
0.84 2.2 3.8
0.84 2.2 3.8
0.84 2.2 3.8
0.84 2.3 3.8
0.84 2.3 3.8
0.84 2.3 3.8
0.84 2.4 3.8
0.84 2.4 3.8
0.84 2.4 3.8
0.84 2.5 3.8
0.84 2.5 3.8
0.84 2.5 3.8
0.84 2.6 3.8
0.84 2.6 3.8
0.84 2.6 3.8
0.84 2.7 3.8
0.84 2.7 3.8
0.84 2.7 3.8
0.84 2.8 3.8
0.84 2.8 3.8
0.84 2.8 3.8
0.84 2.9 3.8
0.84 2.9 3.8
0.84 2.9 3.8
0.84 3.0 3.8
0.84 3.0 3.8
0.84 3.0 3.8
0.85 2.0 3.8
0.85 2.0 3.8
0.85 2.0 3.8
0.85 2.1 3.8
0.85 2.1 3.8
0.85 2.1 3.8
0.85 2.2 3.8
0.85 2.2 3.8
0.85 2.2 3.8
0.85 2.3 3.8
0.85 2.3 3.8
0.85 2.3 3.8
0.85 2.4 3.8
0.85 2.4 3.8
0.85 2.4 3.8
0.85 2.5 3.8
0.85 2.5 3.8
0.85 2.5 3.8
0.85 2.6 3.8
0.85 2.6 3.8
0.85 2.6 3.8
0.85 2.7 3.8
0.85 2.7 3.8
0.85 2.7 3.8
0.85 2.8 3.8
0.85 2.8 3.8
0.85 2.8 3.8
0.85 2.9 3.8
0.85 2.9 3.8
0.85 2.9 3.8
0.85 3.0 3.8
0.85 3.0 3.8
0.85 3.0 3.8
0.86 2.0 3.8
0.86 2.0 3.8
0.86 2.0 3.8
0.86 2.1 3.8
0.86 2.1 3.8
0.86 2.1 3.8
0.86 2.2 3.8
0.86 2.2 3.8
0.86 2.2 3.8
0.86 2.3 3.8
0.86 2.3 3.8
0.86 2.3 3.8
0.86 2.4 3.8
0.86 2.4 3.8
0.86 2.4 3.8
0.86 2.5 3.8
0.86 2.5 3.8
0.86 2.5 3.8
0.86 2.6 3.8
0.86 2.6 3.8
0.86 2.6 3.8
0.86 2.7 3.8
0.86 2.7 3.8
0.86 2.7 3.8
0.86 2.8 3.8
0.86 2.8 3.8
0.86 2.8 3.8
0.86 2.9 3.8
0.86 2.9 3.8
0.86 2.9 3.8
0.86 3.0 3.8
0.86 3.0 3.8
0.86 3.0 3.8
0.87 2.0 3.8
0.87 2.0 3.8
0.87 2.0 3.8
0.87 2.1 3.8
0.87 2.1 3.8
0.87 2.1 3.8
0.87 2.2 3.8
0.87 2.2 3.8
0.87 2.2 3.8
0.87 2.3 3.8
0.87 2.3 3.8
0.87 2.3 3.8
0.87 2.4 3.8
0.87 2.4 3.8
0.87 2.4 3.8
0.87 2.5 3.8
0.87 2.5 3.8
0.87 2.5 3.8
0.87 2.6 3.8
0.87 2.6 3.8
0.87 2.6 3.8
0.87 2.7 3.8
0.87 2.7 3.8
0.87 2.7 3.8
0.87 2.8 3.8
0.87 2.8 3.8
0.87 2.8 3.8
0.87 2.9 3.8
0.87 2.9 3.8
0.87 2.9 3.8
0.87 3.0 3.8
0.87 3.0 3.8
0.87 3.0 3.8
0.88 2.0 3.8
0.88 2.0 3.8
0.88 2.0 3.8
0.88 2.1 3.8
0.88 2.1 3.8
0.88 2.1 3.8
0.88 2.2 3.8
0.88 2.2 3.8
0.88 2.2 3.8
0.88 2.3 3.8
0.88 2.3 3.8
0.88 2.3 3.8
0.88 2.4 3.8
0.88 2.4 3.8
0.88 2.4 3.8
0.88 2.5 3.8
0.88 2.5 3.8
0.88 2.5 3.8
0.88 2.6 3.8
0.88 2.6 3.8
0.88 2.6 3.8
0.88 2.7 3.8
0.88 2.7 3.8
0.88 2.7 3.8
0.88 2.8 3.8
0.88 2.8 3.8
0.88 2.8 3.8
0.88 2.9 3.8
0.88 2.9 3.8
0.88 2.9 3.8
0.88 3.0 3.8
0.88 3.0 3.8
0.88 3.0 3.8
0.89 2.0 3.8
0.89 2.0 3.8
0.89 2.0 3.8
0.89 2.1 3.8
0.89 2.1 3.8
0.89 2.1 3.8
0.89 2.2 3.8
0.89 2.2 3.8
0.89 2.2 3.8
0.89 2.3 3.8
0.89 2.3 3.8
0.89 2.3 3.8
0.89 2.4 3.8
0.89 2.4 3.8
0.89 2.4 3.8
0.89 2.5 3.8
0.89 2.5 3.8
0.89 2.5 3.8
0.89 2.6 3.8
0.89 2.6 3.8
0.89 2.6 3.8
0.89 2.7 3.8
0.89 2.7 3.8
0.89 2.7 3.8
0.89 2.8 3.8
0.89 2.8 3.8
0.89 2.8 3.8
0.89 2.9 3.8
0.89 2.9 3.8
0.89 2.9 3.8
0.89 3.0 3.8
0.89 3.0 3.8
0.89 3.0 3.8
0.9 2.0 3.8
0.9 2.0 3.8
0.9 2.0 3.8
0.9 2.1 3.8
0.9 2.1 3.8
0.9 2.1 3.8
0.9 2.2 3.8
0.9 2.2 3.8
0.9 2.2 3.8
0.9 2.3 3.8
0.9 2.3 3.8
0.9 2.3 3.8
0.9 2.4 3.8
0.9 2.4 3.8
0.9 2.4 3.8
0.9 2.5 3.8
0.9 2.5 3.8
0.9 2.5 3.8
0.9 2.6 3.8
0.9 2.6 3.8
0.9 2.6 3.8
0.9 2.7 3.8
0.9 2.7 3.8
0.9 2.7 3.8
0.9 2.8 3.8
0.9 2.8 3.8
0.9 2.8 3.8
0.9 2.9 3.8
0.9 2.9 3.8
0.9 2.9 3.8
0.9 3.0 3.8
0.9 3.0 3.8
0.9 3.0 3.8
0.8 2.0 3.9
0.8 2.0 3.9
0.8 2.0 3.9
0.8 2.1 3.9
0.8 2.1 3.9
0.8 2.1 3.9
0.8 2.2 3.9
0.8 2.2 3.9
0.8 2.2 3.9
0.8 2.3 3.9
0.8 2.3 3.9
0.8 2.3 3.9
0.8 2.4 3.9
0.8 2.4 3.9
0.8 2.4 3.9
0.8 2.5 3.9
0.8 2.5 3.9
0.8 2.5 3.9
0.8 2.6 3.9
0.8 2.6 3.9
0.8 2.6 3.9
0.8 2.7 3.9
0.8 2.7 3.9
0.8 2.7 3.9
0.8 2.8 3.9
0.8 2.8 3.9
0.8 2.8 3.9
0.8 2.9 3.9
0.8 2.9 3.9
0.8 2.9 3.9
0.8 3.0 3.9
0.8 3.0 3.9
0.8 3.0 3.9
0.81 2.0 3.9
0.81 2.0 3.9
0.81 2.0 3.9
0.81 2.1 3.9
0.81 2.1 3.9
0.81 2.1 3.9
0.81 2.2 3.9
0.81 2.2 3.9
0.81 2.2 3.9
0.81 2.3 3.9
0.81 2.3 3.9
0.81 2.3 3.9
0.81 2.4 3.9
0.81 2.4 3.9
0.81 2.4 3.9
0.81 2.5 3.9
0.81 2.5 3.9
0.81 2.5 3.9
0.81 2.6 3.9
0.81 2.6 3.9
0.81 2.6 3.9
0.81 2.7 3.9
0.81 2.7 3.9
0.81 2.7 3.9
0.81 2.8 3.9
0.81 2.8 3.9
0.81 2.8 3.9
0.81 2.9 3.9
0.81 2.9 3.9
0.81 2.9 3.9
0.81 3.0 3.9
0.81 3.0 3.9
0.81 3.0 3.9
0.82 2.0 3.9
0.82 2.0 3.9
0.82 2.0 3.9
0.82 2.1 3.9
0.82 2.1 3.9
0.82 2.1 3.9
0.82 2.2 3.9
0.82 2.2 3.9
0.82 2.2 3.9
0.82 2.3 3.9
0.82 2.3 3.9
0.82 2.3 3.9
0.82 2.4 3.9
0.82 2.4 3.9
0.82 2.4 3.9
0.82 2.5 3.9
0.82 2.5 3.9
0.82 2.5 3.9
0.82 2.6 3.9
0.82 2.6 3.9
0.82 2.6 3.9
0.82 2.7 3.9
0.82 2.7 3.9
0.82 2.7 3.9
0.82 2.8 3.9
0.82 2.8 3.9
0.82 2.8 3.9
0.82 2.9 3.9
0.82 2.9 3.9
0.82 2.9 3.9
0.82 3.0 3.9
0.82 3.0 3.9
0.82 3.0 3.9
0.83 2.0 3.9
0.83 2.0 3.9
0.83 2.0 3.9
0.83 2.1 3.9
0.83 2.1 3.9
0.83 2.1 3.9
0.83 2.2 3.9
0.83 2.2 3.9
0.83 2.2 3.9
0.83 2.3 3.9
0.83 2.3 3.9
0.83 2.3 3.9
0.83 2.4 3.9
0.83 2.4 3.9
0.83 2.4 3.9
0.83 2.5 3.9
0.83 2.5 3.9
0.83 2.5 3.9
0.83 2.6 3.9
0.83 2.6 3.9
0.83 2.6 3.9
0.83 2.7 3.9
0.83 2.7 3.9
0.83 2.7 3.9
0.83 2.8 3.9
0.83 2.8 3.9
0.83 2.8 3.9
0.83 2.9 3.9
0.83 2.9 3.9
0.83 2.9 3.9
0.83 3.0 3.9
0.83 3.0 3.9
0.83 3.0 3.9
0.84 2.0 3.9
0.84 2.0 3.9
0.84 2.0 3.9
0.84 2.1 3.9
0.84 2.1 3.9
0.84 2.1 3.9
0.84 2.2 3.9
0.84 2.2 3.9
0.84 2.2 3.9
0.84 2.3 3.9
0.84 2.3 3.9
0.84 2.3 3.9
0.84 2.4 3.9
0.84 2.4 3.9
0.84 2.4 3.9
0.84 2.5 3.9
0.84 2.5 3.9
0.84 2.5 3.9
0.84 2.6 3.9
0.84 2.6 3.9
0.84 2.6 3.9
0.84 2.7 3.9
0.84 2.7 3.9
0.84 2.7 3.9
0.84 2.8 3.9
0.84 2.8 3.9
0.84 2.8 3.9
0.84 2.9 3.9
0.84 2.9 3.9
0.84 2.9 3.9
0.84 3.0 3.9
0.84 3.0 3.9
0.84 3.0 3.9
0.85 2.0 3.9
0.85 2.0 3.9
0.85 2.0 3.9
0.85 2.1 3.9
0.85 2.1 3.9
0.85 2.1 3.9
0.85 2.2 3.9
0.85 2.2 3.9
0.85 2.2 3.9
0.85 2.3 3.9
0.85 2.3 3.9
0.85 2.3 3.9
0.85 2.4 3.9
0.85 2.4 3.9
0.85 2.4 3.9
0.85 2.5 3.9
0.85 2.5 3.9
0.85 2.5 3.9
0.85 2.6 3.9
0.85 2.6 3.9
0.85 2.6 3.9
0.85 2.7 3.9
0.85 2.7 3.9
0.85 2.7 3.9
0.85 2.8 3.9
0.85 2.8 3.9
0.85 2.8 3.9
0.85 2.9 3.9
0.85 2.9 3.9
0.85 2.9 3.9
0.85 3.0 3.9
0.85 3.0 3.9
0.85 3.0 3.9
0.86 2.0 3.9
0.86 2.0 3.9
0.86 2.0 3.9
0.86 2.1 3.9
0.86 2.1 3.9
0.86 2.1 3.9
0.86 2.2 3.9
0.86 2.2 3.9
0.86 2.2 3.9
0.86 2.3 3.9
0.86 2.3 3.9
0.86 2.3 3.9
0.86 2.4 3.9
0.86 2.4 3.9
0.86 2.4 3.9
0.86 2.5 3.9
0.86 2.5 3.9
0.86 2.5 3.9
0.86 2.6 3.9
0.86 2.6 3.9
0.86 2.6 3.9
0.86 2.7 3.9
0.86 2.7 3.9
0.86 2.7 3.9
0.86 2.8 3.9
0.86 2.8 3.9
0.86 2.8 3.9
0.86 2.9 3.9
0.86 2.9 3.9
0.86 2.9 3.9
0.86 3.0 3.9
0.86 3.0 3.9
0.86 3.0 3.9
0.87 2.0 3.9
0.87 2.0 3.9
0.87 2.0 3.9
0.87 2.1 3.9
0.87 2.1 3.9
0.87 2.1 3.9
0.87 2.2 3.9
0.87 2.2 3.9
0.87 2.2 3.9
0.87 2.3 3.9
0.87 2.3 3.9
0.87 2.3 3.9
0.87 2.4 3.9
0.87 2.4 3.9
0.87 2.4 3.9
0.87 2.5 3.9
0.87 2.5 3.9
0.87 2.5 3.9
0.87 2.6 3.9
0.87 2.6 3.9
0.87 2.6 3.9
0.87 2.7 3.9
0.87 2.7 3.9
0.87 2.7 3.9
0.87 2.8 3.9
0.87 2.8 3.9
0.87 2.8 3.9
0.87 2.9 3.9
0.87 2.9 3.9
0.87 2.9 3.9
0.87 3.0 3.9
0.87 3.0 3.9
0.87 3.0 3.9
0.88 2.0 3.9
0.88 2.0 3.9
0.88 2.0 3.9
0.88 2.1 3.9
0.88 2.1 3.9
0.88 2.1 3.9
0.88 2.2 3.9
0.88 2.2 3.9
0.88 2.2 3.9
0.88 2.3 3.9
0.88 2.3 3.9
0.88 2.3 3.9
0.88 2.4 3.9
0.88 2.4 3.9
0.88 2.4 3.9
0.88 2.5 3.9
0.88 2.5 3.9
0.88 2.5 3.9
0.88 2.6 3.9
0.88 2.6 3.9
0.88 2.6 3.9
0.88 2.7 3.9
0.88 2.7 3.9
0.88 2.7 3.9
0.88 2.8 3.9
0.88 2.8 3.9
0.88 2.8 3.9
0.88 2.9 3.9
0.88 2.9 3.9
0.88 2.9 3.9
0.88 3.0 3.9
0.88 3.0 3.9
0.88 3.0 3.9
0.89 2.0 3.9
0.89 2.0 3.9
0.89 2.0 3.9
0.89 2.1 3.9
0.89 2.1 3.9
0.89 2.1 3.9
0.89 2.2 3.9
0.89 2.2 3.9
0.89 2.2 3.9
0.89 2.3 3.9
0.89 2.3 3.9
0.89 2.3 3.9
0.89 2.4 3.9
0.89 2.4 3.9
0.89 2.4 3.9
0.89 2.5 3.9
0.89 2.5 3.9
0.89 2.5 3.9
0.89 2.6 3.9
0.89 2.6 3.9
0.89 2.6 3.9
0.89 2.7 3.9
0.89 2.7 3.9
0.89 2.7 3.9
0.89 2.8 3.9
0.89 2.8 3.9
0.89 2.8 3.9
0.89 2.9 3.9
0.89 2.9 3.9
0.89 2.9 3.9
0.89 3.0 3.9
0.89 3.0 3.9
0.89 3.0 3.9
0.9 2.0 3.9
0.9 2.0 3.9
0.9 2.0 3.9
0.9 2.1 3.9
0.9 2.1 3.9
0.9 2.1 3.9
0.9 2.2 3.9
0.9 2.2 3.9
0.9 2.2 3.9
0.9 2.3 3.9
0.9 2.3 3.9
0.9 2.3 3.9
0.9 2.4 3.9
0.9 2.4 3.9
0.9 2.4 3.9
0.9 2.5 3.9
0.9 2.5 3.9
0.9 2.5 3.9
0.9 2.6 3.9
0.9 2.6 3.9
0.9 2.6 3.9
0.9 2.7 3.9
0.9 2.7 3.9
0.9 2.7 3.9
0.9 2.8 3.9
0.9 2.8 3.9
0.9 2.8 3.9
0.9 2.9 3.9
0.9 2.9 3.9
0.9 2.9 3.9
0.9 3.0 3.9
0.9 3.0 3.9
0.9 3.0 3.9
0.8 2.0 4.0
0.8 2.0 4.0
0.8 2.0 4.0
0.8 2.1 4.0
0.8 2.1 4.0
0.8 2.1 4.0
0.8 2.2 4.0
0.8 2.2 4.0
0.8 2.2 4.0
0.8 2.3 4.0
0.8 2.3 4.0
0.8 2.3 4.0
0.8 2.4 4.0
0.8 2.4 4.0
0.8 2.4 4.0
0.8 2.5 4.0
0.8 2.5 4.0
0.8 2.5 4.0
0.8 2.6 4.0
0.8 2.6 4.0
0.8 2.6 4.0
0.8 2.7 4.0
0.8 2.7 4.0
0.8 2.7 4.0
0.8 2.8 4.0
0.8 2.8 4.0
0.8 2.8 4.0
0.8 2.9 4.0
0.8 2.9 4.0
0.8 2.9 4.0
0.8 3.0 4.0
0.8 3.0 4.0
0.8 3.0 4.0
0.81 2.0 4.0
0.81 2.0 4.0
0.81 2.0 4.0
0.81 2.1 4.0
0.81 2.1 4.0
0.81 2.1 4.0
0.81 2.2 4.0
0.81 2.2 4.0
0.81 2.2 4.0
0.81 2.3 4.0
0.81 2.3 4.0
0.81 2.3 4.0
0.81 2.4 4.0
0.81 2.4 4.0
0.81 2.4 4.0
0.81 2.5 4.0
0.81 2.5 4.0
0.81 2.5 4.0
0.81 2.6 4.0
0.81 2.6 4.0
0.81 2.6 4.0
0.81 2.7 4.0
0.81 2.7 4.0
0.81 2.7 4.0
0.81 2.8 4.0
0.81 2.8 4.0
0.81 2.8 4.0
0.81 2.9 4.0
0.81 2.9 4.0
0.81 2.9 4.0
0.81 3.0 4.0
0.81 3.0 4.0
0.81 3.0 4.0
0.82 2.0 4.0
0.82 2.0 4.0
0.82 2.0 4.0
0.82 2.1 4.0
0.82 2.1 4.0
0.82 2.1 4.0
0.82 2.2 4.0
0.82 2.2 4.0
0.82 2.2 4.0
0.82 2.3 4.0
0.82 2.3 4.0
0.82 2.3 4.0
0.82 2.4 4.0
0.82 2.4 4.0
0.82 2.4 4.0
0.82 2.5 4.0
0.82 2.5 4.0
0.82 2.5 4.0
0.82 2.6 4.0
0.82 2.6 4.0
0.82 2.6 4.0
0.82 2.7 4.0
0.82 2.7 4.0
0.82 2.7 4.0
0.82 2.8 4.0
0.82 2.8 4.0
0.82 2.8 4.0
0.82 2.9 4.0
0.82 2.9 4.0
0.82 2.9 4.0
0.82 3.0 4.0
0.82 3.0 4.0
0.82 3.0 4.0
0.83 2.0 4.0
0.83 2.0 4.0
0.83 2.0 4.0
0.83 2.1 4.0
0.83 2.1 4.0
0.83 2.1 4.0
0.83 2.2 4.0
0.83 2.2 4.0
0.83 2.2 4.0
0.83 2.3 4.0
0.83 2.3 4.0
0.83 2.3 4.0
0.83 2.4 4.0
0.83 2.4 4.0
0.83 2.4 4.0
0.83 2.5 4.0
0.83 2.5 4.0
0.83 2.5 4.0
0.83 2.6 4.0
0.83 2.6 4.0
0.83 2.6 4.0
0.83 2.7 4.0
0.83 2.7 4.0
0.83 2.7 4.0
0.83 2.8 4.0
0.83 2.8 4.0
0.83 2.8 4.0
0.83 2.9 4.0
0.83 2.9 4.0
0.83 2.9 4.0
0.83 3.0 4.0
0.83 3.0 4.0
0.83 3.0 4.0
0.84 2.0 4.0
0.84 2.0 4.0
0.84 2.0 4.0
0.84 2.1 4.0
0.84 2.1 4.0
0.84 2.1 4.0
0.84 2.2 4.0
0.84 2.2 4.0
0.84 2.2 4.0
0.84 2.3 4.0
0.84 2.3 4.0
0.84 2.3 4.0
0.84 2.4 4.0
0.84 2.4 4.0
0.84 2.4 4.0
0.84 2.5 4.0
0.84 2.5 4.0
0.84 2.5 4.0
0.84 2.6 4.0
0.84 2.6 4.0
0.84 2.6 4.0
0.84 2.7 4.0
0.84 2.7 4.0
0.84 2.7 4.0
0.84 2.8 4.0
0.84 2.8 4.0
0.84 2.8 4.0
0.84 2.9 4.0
0.84 2.9 4.0
0.84 2.9 4.0
0.84 3.0 4.0
0.84 3.0 4.0
0.84 3.0 4.0
0.85 2.0 4.0
0.85 2.0 4.0
0.85 2.0 4.0
0.85 2.1 4.0
0.85 2.1 4.0
0.85 2.1 4.0
0.85 2.2 4.0
0.85 2.2 4.0
0.85 2.2 4.0
0.85 2.3 4.0
0.85 2.3 4.0
0.85 2.3 4.0
0.85 2.4 4.0
0.85 2.4 4.0
0.85 2.4 4.0
0.85 2.5 4.0
0.85 2.5 4.0
0.85 2.5 4.0
0.85 2.6 4.0
0.85 2.6 4.0
0.85 2.6 4.0
0.85 2.7 4.0
0.85 2.7 4.0
0.85 2.7 4.0
0.85 2.8 4.0
0.85 2.8 4.0
0.85 2.8 4.0
0.85 2.9 4.0
0.85 2.9 4.0
0.85 2.9 4.0
0.85 3.0 4.0
0.85 3.0 4.0
0.85 3.0 4.0
0.86 2.0 4.0
0.86 2.0 4.0
0.86 2.0 4.0
0.86 2.1 4.0
0.86 2.1 4.0
0.86 2.1 4.0
0.86 2.2 4.0
0.86 2.2 4.0
0.86 2.2 4.0
0.86 2.3 4.0
0.86 2.3 4.0
0.86 2.3 4.0
0.86 2.4 4.0
0.86 2.4 4.0
0.86 2.4 4.0
0.86 2.5 4.0
0.86 2.5 4.0
0.86 2.5 4.0
0.86 2.6 4.0
0.86 2.6 4.0
0.86 2.6 4.0
0.86 2.7 4.0
0.86 2.7 4.0
0.86 2.7 4.0
0.86 2.8 4.0
0.86 2.8 4.0
0.86 2.8 4.0
0.86 2.9 4.0
0.86 2.9 4.0
0.86 2.9 4.0
0.86 3.0 4.0
0.86 3.0 4.0
0.86 3.0 4.0
0.87 2.0 4.0
0.87 2.0 4.0
0.87 2.0 4.0
0.87 2.1 4.0
0.87 2.1 4.0
0.87 2.1 4.0
0.87 2.2 4.0
0.87 2.2 4.0
0.87 2.2 4.0
0.87 2.3 4.0
0.87 2.3 4.0
0.87 2.3 4.0
0.87 2.4 4.0
0.87 2.4 4.0
0.87 2.4 4.0
0.87 2.5 4.0
0.87 2.5 4.0
0.87 2.5 4.0
0.87 2.6 4.0
0.87 2.6 4.0
0.87 2.6 4.0
0.87 2.7 4.0
0.87 2.7 4.0
0.87 2.7 4.0
0.87 2.8 4.0
0.87 2.8 4.0
0.87 2.8 4.0
0.87 2.9 4.0
0.87 2.9 4.0
0.87 2.9 4.0
0.87 3.0 4.0
0.87 3.0 4.0
0.87 3.0 4.0
0.88 2.0 4.0
0.88 2.0 4.0
0.88 2.0 4.0
0.88 2.1 4.0
0.88 2.1 4.0
0.88 2.1 4.0
0.88 2.2 4.0
0.88 2.2 4.0
0.88 2.2 4.0
0.88 2.3 4.0
0.88 2.3 4.0
0.88 2.3 4.0
0.88 2.4 4.0
0.88 2.4 4.0
0.88 2.4 4.0
0.88 2.5 4.0
0.88 2.5 4.0
0.88 2.5 4.0
0.88 2.6 4.0
0.88 2.6 4.0
0.88 2.6 4.0
0.88 2.7 4.0
0.88 2.7 4.0
0.88 2.7 4.0
0.88 2.8 4.0
0.88 2.8 4.0
0.88 2.8 4.0
0.88 2.9 4.0
0.88 2.9 4.0
0.88 2.9 4.0
0.88 3.0 4.0
0.88 3.0 4.0
0.88 3.0 4.0
0.89 2.0 4.0
0.89 2.0 4.0
0.89 2.0 4.0
0.89 2.1 4.0
0.89 2.1 4.0
0.89 2.1 4.0
0.89 2.2 4.0
0.89 2.2 4.0
0.89 2.2 4.0
0.89 2.3 4.0
0.89 2.3 4.0
0.89 2.3 4.0
0.89 2.4 4.0
0.89 2.4 4.0
0.89 2.4 4.0
0.89 2.5 4.0
0.89 2.5 4.0
0.89 2.5 4.0
0.89 2.6 4.0
0.89 2.6 4.0
0.89 2.6 4.0
0.89 2.7 4.0
0.89 2.7 4.0
0.89 2.7 4.0
0.89 2.8 4.0
0.89 2.8 4.0
0.89 2.8 4.0
0.89 2.9 4.0
0.89 2.9 4.0
0.89 2.9 4.0
0.89 3.0 4.0
0.89 3.0 4.0
0.89 3.0 4.0
0.9 2.0 4.0
0.9 2.0 4.0
0.9 2.0 4.0
0.9 2.1 4.0
0.9 2.1 4.0
0.9 2.1 4.0
0.9 2.2 4.0
0.9 2.2 4.0
0.9 2.2 4.0
0.9 2.3 4.0
0.9 2.3 4.0
0.9 2.3 4.0
0.9 2.4 4.0
0.9 2.4 4.0
0.9 2.4 4.0
0.9 2.5 4.0
0.9 2.5 4.0
0.9 2.5 4.0
0.9 2.6 4.0
0.9 2.6 4.0
0.9 2.6 4.0
0.9 2.7 4.0
0.9 2.7 4.0
0.9 2.7 4.0
0.9 2.8 4.0
0.9 2.8 4.0
0.9 2.8 4.0
0.9 2.9 4.0
0.9 2.9 4.0
0.9 2.9 4.0
0.9 3.0 4.0
0.9 3.0 4.0
0.9 3.0 4.0
0.8 2.0 4.1
0.8 2.0 4.1
0.8 2.0 4.1
0.8 2.1 4.1
0.8 2.1 4.1
0.8 2.1 4.1
0.8 2.2 4.1
0.8 2.2 4.1
0.8 2.2 4.1
0.8 2.3 4.1
0.8 2.3 4.1
0.8 2.3 4.1
0.8 2.4 4.1
0.8 2.4 4.1
0.8 2.4 4.1
0.8 2.5 4.1
0.8 2.5 4.1
0.8 2.5 4.1
0.8 2.6 4.1
0.8 2.6 4.1
0.8 2.6 4.1
0.8 2.7 4.1
0.8 2.7 4.1
0.8 2.7 4.1
0.8 2.8 4.1
0.8 2.8 4.1
0.8 2.8 4.1
0.8 2.9 4.1
0.8 2.9 4.1
0.8 2.9 4.1
0.8 3.0 4.1
0.8 3.0 4.1
0.8 3.0 4.1
0.81 2.0 4.1
0.81 2.0 4.1
0.81 2.0 4.1
0.81 2.1 4.1
0.81 2.1 4.1
0.81 2.1 4.1
0.81 2.2 4.1
0.81 2.2 4.1
0.81 2.2 4.1
0.81 2.3 4.1
0.81 2.3 4.1
0.81 2.3 4.1
0.81 2.4 4.1
0.81 2.4 4.1
0.81 2.4 4.1
0.81 2.5 4.1
0.81 2.5 4.1
0.81 2.5 4.1
0.81 2.6 4.1
0.81 2.6 4.1
0.81 2.6 4.1
0.81 2.7 4.1
0.81 2.7 4.1
0.81 2.7 4.1
0.81 2.8 4.1
0.81 2.8 4.1
0.81 2.8 4.1
0.81 2.9 4.1
0.81 2.9 4.1
0.81 2.9 4.1
0.81 3.0 4.1
0.81 3.0 4.1
0.81 3.0 4.1
0.82 2.0 4.1
0.82 2.0 4.1
0.82 2.0 4.1
0.82 2.1 4.1
0.82 2.1 4.1
0.82 2.1 4.1
0.82 2.2 4.1
0.82 2.2 4.1
0.82 2.2 4.1
0.82 2.3 4.1
0.82 2.3 4.1
0.82 2.3 4.1
0.82 2.4 4.1
0.82 2.4 4.1
0.82 2.4 4.1
0.82 2.5 4.1
0.82 2.5 4.1
0.82 2.5 4.1
0.82 2.6 4.1
0.82 2.6 4.1
0.82 2.6 4.1
0.82 2.7 4.1
0.82 2.7 4.1
0.82 2.7 4.1
0.82 2.8 4.1
0.82 2.8 4.1
0.82 2.8 4.1
0.82 2.9 4.1
0.82 2.9 4.1
0.82 2.9 4.1
0.82 3.0 4.1
0.82 3.0 4.1
0.82 3.0 4.1
0.83 2.0 4.1
0.83 2.0 4.1
0.83 2.0 4.1
0.83 2.1 4.1
0.83 2.1 4.1
0.83 2.1 4.1
0.83 2.2 4.1
0.83 2.2 4.1
0.83 2.2 4.1
0.83 2.3 4.1
0.83 2.3 4.1
0.83 2.3 4.1
0.83 2.4 4.1
0.83 2.4 4.1
0.83 2.4 4.1
0.83 2.5 4.1
0.83 2.5 4.1
0.83 2.5 4.1
0.83 2.6 4.1
0.83 2.6 4.1
0.83 2.6 4.1
0.83 2.7 4.1
0.83 2.7 4.1
0.83 2.7 4.1
0.83 2.8 4.1
0.83 2.8 4.1
0.83 2.8 4.1
0.83 2.9 4.1
0.83 2.9 4.1
0.83 2.9 4.1
0.83 3.0 4.1
0.83 3.0 4.1
0.83 3.0 4.1
0.84 2.0 4.1
0.84 2.0 4.1
0.84 2.0 4.1
0.84 2.1 4.1
0.84 2.1 4.1
0.84 2.1 4.1
0.84 2.2 4.1
0.84 2.2 4.1
0.84 2.2 4.1
0.84 2.3 4.1
0.84 2.3 4.1
0.84 2.3 4.1
0.84 2.4 4.1
0.84 2.4 4.1
0.84 2.4 4.1
0.84 2.5 4.1
0.84 2.5 4.1
0.84 2.5 4.1
0.84 2.6 4.1
0.84 2.6 4.1
0.84 2.6 4.1
0.84 2.7 4.1
0.84 2.7 4.1
0.84 2.7 4.1
0.84 2.8 4.1
0.84 2.8 4.1
0.84 2.8 4.1
0.84 2.9 4.1
0.84 2.9 4.1
0.84 2.9 4.1
0.84 3.0 4.1
0.84 3.0 4.1
0.84 3.0 4.1
0.85 2.0 4.1
0.85 2.0 4.1
0.85 2.0 4.1
0.85 2.1 4.1
0.85 2.1 4.1
0.85 2.1 4.1
0.85 2.2 4.1
0.85 2.2 4.1
0.85 2.2 4.1
0.85 2.3 4.1
0.85 2.3 4.1
0.85 2.3 4.1
0.85 2.4 4.1
0.85 2.4 4.1
0.85 2.4 4.1
0.85 2.5 4.1
0.85 2.5 4.1
0.85 2.5 4.1
0.85 2.6 4.1
0.85 2.6 4.1
0.85 2.6 4.1
0.85 2.7 4.1
0.85 2.7 4.1
0.85 2.7 4.1
0.85 2.8 4.1
0.85 2.8 4.1
0.85 2.8 4.1
0.85 2.9 4.1
0.85 2.9 4.1
0.85 2.9 4.1
0.85 3.0 4.1
0.85 3.0 4.1
0.85 3.0 4.1
0.86 2.0 4.1
0.86 2.0 4.1
0.86 2.0 4.1
0.86 2.1 4.1
0.86 2.1 4.1
0.86 2.1 4.1
0.86 2.2 4.1
0.86 2.2 4.1
0.86 2.2 4.1
0.86 2.3 4.1
0.86 2.3 4.1
0.86 2.3 4.1
0.86 2.4 4.1
0.86 2.4 4.1
0.86 2.4 4.1
0.86 2.5 4.1
0.86 2.5 4.1
0.86 2.5 4.1
0.86 2.6 4.1
0.86 2.6 4.1
0.86 2.6 4.1
0.86 2.7 4.1
0.86 2.7 4.1
0.86 2.7 4.1
0.86 2.8 4.1
0.86 2.8 4.1
0.86 2.8 4.1
0.86 2.9 4.1
0.86 2.9 4.1
0.86 2.9 4.1
0.86 3.0 4.1
0.86 3.0 4.1
0.86 3.0 4.1
0.87 2.0 4.1
0.87 2.0 4.1
0.87 2.0 4.1
0.87 2.1 4.1
0.87 2.1 4.1
0.87 2.1 4.1
0.87 2.2 4.1
0.87 2.2 4.1
0.87 2.2 4.1
0.87 2.3 4.1
0.87 2.3 4.1
0.87 2.3 4.1
0.87 2.4 4.1
0.87 2.4 4.1
0.87 2.4 4.1
0.87 2.5 4.1
0.87 2.5 4.1
0.87 2.5 4.1
0.87 2.6 4.1
0.87 2.6 4.1
0.87 2.6 4.1
0.87 2.7 4.1
0.87 2.7 4.1
0.87 2.7 4.1
0.87 2.8 4.1
0.87 2.8 4.1
0.87 2.8 4.1
0.87 2.9 4.1
0.87 2.9 4.1
0.87 2.9 4.1
0.87 3.0 4.1
0.87 3.0 4.1
0.87 3.0 4.1
0.88 2.0 4.1
0.88 2.0 4.1
0.88 2.0 4.1
0.88 2.1 4.1
0.88 2.1 4.1
0.88 2.1 4.1
0.88 2.2 4.1
0.88 2.2 4.1
0.88 2.2 4.1
0.88 2.3 4.1
0.88 2.3 4.1
0.88 2.3 4.1
0.88 2.4 4.1
0.88 2.4 4.1
0.88 2.4 4.1
0.88 2.5 4.1
0.88 2.5 4.1
0.88 2.5 4.1
0.88 2.6 4.1
0.88 2.6 4.1
0.88 2.6 4.1
0.88 2.7 4.1
0.88 2.7 4.1
0.88 2.7 4.1
0.88 2.8 4.1
0.88 2.8 4.1
0.88 2.8 4.1
0.88 2.9 4.1
0.88 2.9 4.1
0.88 2.9 4.1
0.88 3.0 4.1
0.88 3.0 4.1
0.88 3.0 4.1
0.89 2.0 4.1
0.89 2.0 4.1
0.89 2.0 4.1
0.89 2.1 4.1
0.89 2.1 4.1
0.89 2.1 4.1
0.89 2.2 4.1
0.89 2.2 4.1
0.89 2.2 4.1
0.89 2.3 4.1
0.89 2.3 4.1
0.89 2.3 4.1
0.89 2.4 4.1
0.89 2.4 4.1
0.89 2.4 4.1
0.89 2.5 4.1
0.89 2.5 4.1
0.89 2.5 4.1
0.89 2.6 4.1
0.89 2.6 4.1
0.89 2.6 4.1
0.89 2.7 4.1
0.89 2.7 4.1
0.89 2.7 4.1
0.89 2.8 4.1
0.89 2.8 4.1
0.89 2.8 4.1
0.89 2.9 4.1
0.89 2.9 4.1
0.89 2.9 4.1
0.89 3.0 4.1
0.89 3.0 4.1
0.89 3.0 4.1
0.9 2.0 4.1
0.9 2.0 4.1
0.9 2.0 4.1
0.9 2.1 4.1
0.9 2.1 4.1
0.9 2.1 4.1
0.9 2.2 4.1
0.9 2.2 4.1
0.9 2.2 4.1
0.9 2.3 4.1
0.9 2.3 4.1
0.9 2.3 4.1
0.9 2.4 4.1
0.9 2.4 4.1
0.9 2.4 4.1
0.9 2.5 4.1
0.9 2.5 4.1
0.9 2.5 4.1
0.9 2.6 4.1
0.9 2.6 4.1
0.9 2.6 4.1
0.9 2.7 4.1
0.9 2.7 4.1
0.9 2.7 4.1
0.9 2.8 4.1
0.9 2.8 4.1
0.9 2.8 4.1
0.9 2.9 4.1
0.9 2.9 4.1
0.9 2.9 4.1
0.9 3.0 4.1
0.9 3.0 4.1
0.9 3.0 4.1
0.8 2.0 4.2
0.8 2.0 4.2
0.8 2.0 4.2
0.8 2.1 4.2
0.8 2.1 4.2
0.8 2.1 4.2
0.8 2.2 4.2
0.8 2.2 4.2
0.8 2.2 4.2
0.8 2.3 4.2
0.8 2.3 4.2
0.8 2.3 4.2
0.8 2.4 4.2
0.8 2.4 4.2
0.8 2.4 4.2
0.8 2.5 4.2
0.8 2.5 4.2
0.8 2.5 4.2
0.8 2.6 4.2
0.8 2.6 4.2
0.8 2.6 4.2
0.8 2.7 4.2
0.8 2.7 4.2
0.8 2.7 4.2
0.8 2.8 4.2
0.8 2.8 4.2
0.8 2.8 4.2
0.8 2.9 4.2
0.8 2.9 4.2
0.8 2.9 4.2
0.8 3.0 4.2
0.8 3.0 4.2
0.8 3.0 4.2
0.81 2.0 4.2
0.81 2.0 4.2
0.81 2.0 4.2
0.81 2.1 4.2
0.81 2.1 4.2
0.81 2.1 4.2
0.81 2.2 4.2
0.81 2.2 4.2
0.81 2.2 4.2
0.81 2.3 4.2
0.81 2.3 4.2
0.81 2.3 4.2
0.81 2.4 4.2
0.81 2.4 4.2
0.81 2.4 4.2
0.81 2.5 4.2
0.81 2.5 4.2
0.81 2.5 4.2
0.81 2.6 4.2
0.81 2.6 4.2
0.81 2.6 4.2
0.81 2.7 4.2
0.81 2.7 4.2
0.81 2.7 4.2
0.81 2.8 4.2
0.81 2.8 4.2
0.81 2.8 4.2
0.81 2.9 4.2
0.81 2.9 4.2
0.81 2.9 4.2
0.81 3.0 4.2
0.81 3.0 4.2
0.81 3.0 4.2
0.82 2.0 4.2
0.82 2.0 4.2
0.82 2.0 4.2
0.82 2.1 4.2
0.82 2.1 4.2
0.82 2.1 4.2
0.82 2.2 4.2
0.82 2.2 4.2
0.82 2.2 4.2
0.82 2.3 4.2
0.82 2.3 4.2
0.82 2.3 4.2
0.82 2.4 4.2
0.82 2.4 4.2
0.82 2.4 4.2
0.82 2.5 4.2
0.82 2.5 4.2
0.82 2.5 4.2
0.82 2.6 4.2
0.82 2.6 4.2
0.82 2.6 4.2
0.82 2.7 4.2
0.82 2.7 4.2
0.82 2.7 4.2
0.82 2.8 4.2
0.82 2.8 4.2
0.82 2.8 4.2
0.82 2.9 4.2
0.82 2.9 4.2
0.82 2.9 4.2
0.82 3.0 4.2
0.82 3.0 4.2
0.82 3.0 4.2
0.83 2.0 4.2
0.83 2.0 4.2
0.83 2.0 4.2
0.83 2.1 4.2
0.83 2.1 4.2
0.83 2.1 4.2
0.83 2.2 4.2
0.83 2.2 4.2
0.83 2.2 4.2
0.83 2.3 4.2
0.83 2.3 4.2
0.83 2.3 4.2
0.83 2.4 4.2
0.83 2.4 4.2
0.83 2.4 4.2
0.83 2.5 4.2
0.83 2.5 4.2
0.83 2.5 4.2
0.83 2.6 4.2
0.83 2.6 4.2
0.83 2.6 4.2
0.83 2.7 4.2
0.83 2.7 4.2
0.83 2.7 4.2
0.83 2.8 4.2
0.83 2.8 4.2
0.83 2.8 4.2
0.83 2.9 4.2
0.83 2.9 4.2
0.83 2.9 4.2
0.83 3.0 4.2
0.83 3.0 4.2
0.83 3.0 4.2
0.84 2.0 4.2
0.84 2.0 4.2
0.84 2.0 4.2
0.84 2.1 4.2
0.84 2.1 4.2
0.84 2.1 4.2
0.84 2.2 4.2
0.84 2.2 4.2
0.84 2.2 4.2
0.84 2.3 4.2
0.84 2.3 4.2
0.84 2.3 4.2
0.84 2.4 4.2
0.84 2.4 4.2
0.84 2.4 4.2
0.84 2.5 4.2
0.84 2.5 4.2
0.84 2.5 4.2
0.84 2.6 4.2
0.84 2.6 4.2
0.84 2.6 4.2
0.84 2.7 4.2
0.84 2.7 4.2
0.84 2.7 4.2
0.84 2.8 4.2
0.84 2.8 4.2
0.84 2.8 4.2
0.84 2.9 4.2
0.84 2.9 4.2
0.84 2.9 4.2
0.84 3.0 4.2
0.84 3.0 4.2
0.84 3.0 4.2
0.85 2.0 4.2
0.85 2.0 4.2
0.85 2.0 4.2
0.85 2.1 4.2
0.85 2.1 4.2
0.85 2.1 4.2
0.85 2.2 4.2
0.85 2.2 4.2
0.85 2.2 4.2
0.85 2.3 4.2
0.85 2.3 4.2
0.85 2.3 4.2
0.85 2.4 4.2
0.85 2.4 4.2
0.85 2.4 4.2
0.85 2.5 4.2
0.85 2.5 4.2
0.85 2.5 4.2
0.85 2.6 4.2
0.85 2.6 4.2
0.85 2.6 4.2
0.85 2.7 4.2
0.85 2.7 4.2
0.85 2.7 4.2
0.85 2.8 4.2
0.85 2.8 4.2
0.85 2.8 4.2
0.85 2.9 4.2
0.85 2.9 4.2
0.85 2.9 4.2
0.85 3.0 4.2
0.85 3.0 4.2
0.85 3.0 4.2
0.86 2.0 4.2
0.86 2.0 4.2
0.86 2.0 4.2
0.86 2.1 4.2
0.86 2.1 4.2
0.86 2.1 4.2
0.86 2.2 4.2
0.86 2.2 4.2
0.86 2.2 4.2
0.86 2.3 4.2
0.86 2.3 4.2
0.86 2.3 4.2
0.86 2.4 4.2
0.86 2.4 4.2
0.86 2.4 4.2
0.86 2.5 4.2
0.86 2.5 4.2
0.86 2.5 4.2
0.86 2.6 4.2
0.86 2.6 4.2
0.86 2.6 4.2
0.86 2.7 4.2
0.86 2.7 4.2
0.86 2.7 4.2
0.86 2.8 4.2
0.86 2.8 4.2
0.86 2.8 4.2
0.86 2.9 4.2
0.86 2.9 4.2
0.86 2.9 4.2
0.86 3.0 4.2
0.86 3.0 4.2
0.86 3.0 4.2
0.87 2.0 4.2
0.87 2.0 4.2
0.87 2.0 4.2
0.87 2.1 4.2
0.87 2.1 4.2
0.87 2.1 4.2
0.87 2.2 4.2
0.87 2.2 4.2
0.87 2.2 4.2
0.87 2.3 4.2
0.87 2.3 4.2
0.87 2.3 4.2
0.87 2.4 4.2
0.87 2.4 4.2
0.87 2.4 4.2
0.87 2.5 4.2
0.87 2.5 4.2
0.87 2.5 4.2
0.87 2.6 4.2
0.87 2.6 4.2
0.87 2.6 4.2
0.87 2.7 4.2
0.87 2.7 4.2
0.87 2.7 4.2
0.87 2.8 4.2
0.87 2.8 4.2
0.87 2.8 4.2
0.87 2.9 4.2
0.87 2.9 4.2
0.87 2.9 4.2
0.87 3.0 4.2
0.87 3.0 4.2
0.87 3.0 4.2
0.88 2.0 4.2
0.88 2.0 4.2
0.88 2.0 4.2
0.88 2.1 4.2
0.88 2.1 4.2
0.88 2.1 4.2
0.88 2.2 4.2
0.88 2.2 4.2
0.88 2.2 4.2
0.88 2.3 4.2
0.88 2.3 4.2
0.88 2.3 4.2
0.88 2.4 4.2
0.88 2.4 4.2
0.88 2.4 4.2
0.88 2.5 4.2
0.88 2.5 4.2
0.88 2.5 4.2
0.88 2.6 4.2
0.88 2.6 4.2
0.88 2.6 4.2
0.88 2.7 4.2
0.88 2.7 4.2
0.88 2.7 4.2
0.88 2.8 4.2
0.88 2.8 4.2
0.88 2.8 4.2
0.88 2.9 4.2
0.88 2.9 4.2
0.88 2.9 4.2
0.88 3.0 4.2
0.88 3.0 4.2
0.88 3.0 4.2
0.89 2.0 4.2
0.89 2.0 4.2
0.89 2.0 4.2
0.89 2.1 4.2
0.89 2.1 4.2
0.89 2.1 4.2
0.89 2.2 4.2
0.89 2.2 4.2
0.89 2.2 4.2
0.89 2.3 4.2
0.89 2.3 4.2
0.89 2.3 4.2
0.89 2.4 4.2
0.89 2.4 4.2
0.89 2.4 4.2
0.89 2.5 4.2
0.89 2.5 4.2
0.89 2.5 4.2
0.89 2.6 4.2
0.89 2.6 4.2
0.89 2.6 4.2
0.89 2.7 4.2
0.89 2.7 4.2
0.89 2.7 4.2
0.89 2.8 4.2
0.89 2.8 4.2
0.89 2.8 4.2
0.89 2.9 4.2
0.89 2.9 4.2
0.89 2.9 4.2
0.89 3.0 4.2
0.89 3.0 4.2
0.89 3.0 4.2
0.9 2.0 4.2
0.9 2.0 4.2
0.9 2.0 4.2
0.9 2.1 4.2
0.9 2.1 4.2
0.9 2.1 4.2
0.9 2.2 4.2
0.9 2.2 4.2
0.9 2.2 4.2
0.9 2.3 4.2
0.9 2.3 4.2
0.9 2.3 4.2
0.9 2.4 4.2
0.9 2.4 4.2
0.9 2.4 4.2
0.9 2.5 4.2
0.9 2.5 4.2
0.9 2.5 4.2
0.9 2.6 4.2
0.9 2.6 4.2
0.9 2.6 4.2
0.9 2.7 4.2
0.9 2.7 4.2
0.9 2.7 4.2
0.9 2.8 4.2
0.9 2.8 4.2
0.9 2.8 4.2
0.9 2.9 4.2
0.9 2.9 4.2
0.9 2.9 4.2
0.9 3.0 4.2
0.9 3.0 4.2
0.9 3.0 4.2
