           1  0.500000000000000       0.548753511400000     
           2   1.25000000000000       0.377953519400000     
           3   1.75000000000000       0.257372641600000     
           4   2.25000000000000       0.144579887000000     
           5   2.75000000000000       7.072266920000000E-002
           6   3.25000000000000       3.538876270000000E-002
           7   3.75000000000000       1.567735600000000E-002
           8   4.25000000000000       7.483353100000000E-003
           9   4.75000000000000       3.658318800000000E-003
          10   5.25000000000000       1.873632600000000E-003
          11   5.75000000000000       1.152364900000000E-003
          12   6.25000000000000       6.429070000000000E-004
          13   6.75000000000000       4.097167000000000E-004
          14   7.25000000000000       2.884260000000000E-004
          15   7.75000000000000       1.903522000000000E-004
          16   8.50000000000000       1.189690000000000E-004
          17   9.50000000000000       6.490230000000000E-005
          18   11.0000000000000       3.076390000000000E-005
          19   14.0000000000000       9.129000000000000E-006
          20   20.0000000000000       1.573600000000000E-006
 The study system is: PbPb502
 Reading charm fik at 2.76 and 5.02 from FONLL
 Finish reading charm fik
 Calculating MatFiqc
 centrality c is a common variable:   2.500000000000000E-002
